2024-09-19 05:11:34,009 [INFO] Activator:176 - 


2024-09-19 05:11:34,024 [INFO] Activator:177 - !SESSION log4j initialized
2024-09-19 05:11:42,258 [INFO] LogOutputStream:77 - [STDOUT_REDIRECT] 
2024-09-19 05:11:47,095 [INFO] ApplicationProperties:184 - Using Application install path: C:\ST\STM32CubeIDE_1.16.0\STM32CubeIDE\plugins\com.st.stm32cube.common.mx_6.12.0.202406281431
2024-09-19 05:11:47,127 [INFO] DbMcusXml:78 - Set database path to: C:\ST\STM32CubeIDE_1.16.0\STM32CubeIDE\plugins\com.st.stm32cube.common.mx_6.12.0.202406281431\\db\/mcu/
2024-09-19 05:11:47,127 [INFO] ApiDb:274 - Set plugin database path to: C:\ST\STM32CubeIDE_1.16.0\STM32CubeIDE\plugins\com.st.stm32cube.common.mx_6.12.0.202406281431\\db\/plugins/boardmanager/
2024-09-19 05:11:47,128 [WARN] ApiDb:259 - Overriding images path with different value:  => C:\ST\STM32CubeIDE_1.16.0\STM32CubeIDE\plugins\com.st.stm32cube.common.mx_6.12.0.202406281431\\db\/plugins/mcufinder/images/
2024-09-19 05:11:47,157 [INFO] ApiDb:250 - Set database path to: C:\Users\adamg\.stmcufinder\plugins\mcufinder//mcu/
2024-09-19 05:11:47,159 [INFO] DbMcusAds:125 - Set database path to: C:\Users\adamg\.stmcufinder\plugins\mcufinder//mcu/
2024-09-19 05:11:47,163 [INFO] CrossReferenceDbSqlite:203 - Set database path to: C:\Users\adamg\.stmcufinder\plugins\mcufinder//mcu/cs/
2024-09-19 05:11:47,383 [INFO] RulesReader:64 - Compatibility file has been processed (297 Rules)
2024-09-19 05:11:47,605 [INFO] DbMcusXml:78 - Set database path to: C:\ST\STM32CubeIDE_1.16.0\STM32CubeIDE\plugins\com.st.stm32cube.common.mx_6.12.0.202406281431\\db\/mcu/
2024-09-19 05:11:47,606 [INFO] ApiDb:274 - Set plugin database path to: C:\ST\STM32CubeIDE_1.16.0\STM32CubeIDE\plugins\com.st.stm32cube.common.mx_6.12.0.202406281431\\db\/plugins/boardmanager/
2024-09-19 05:11:47,607 [INFO] ApiDb:261 - Set plugin images path to: C:\ST\STM32CubeIDE_1.16.0\STM32CubeIDE\plugins\com.st.stm32cube.common.mx_6.12.0.202406281431\\db\/plugins/mcufinder/images/
2024-09-19 05:11:47,607 [WARN] DbFile:41 - Overriding database path with different value: C:\Users\adamg\.stmcufinder\plugins\mcufinder/ => C:\Users\adamg\.stmcufinder\plugins\mcufinder
2024-09-19 05:11:47,607 [INFO] ApiDb:250 - Set database path to: C:\Users\adamg\.stmcufinder\plugins\mcufinder//mcu/
2024-09-19 05:11:47,607 [WARN] DbFile:41 - Overriding database path with different value: C:\Users\adamg\.stmcufinder\plugins\mcufinder/ => C:\Users\adamg\.stmcufinder\plugins\mcufinder
2024-09-19 05:11:47,607 [INFO] DbMcusAds:125 - Set database path to: C:\Users\adamg\.stmcufinder\plugins\mcufinder//mcu/
2024-09-19 05:11:47,608 [WARN] DbFile:41 - Overriding database path with different value: C:\Users\adamg\.stmcufinder\plugins\mcufinder/ => C:\Users\adamg\.stmcufinder\plugins\mcufinder
2024-09-19 05:11:47,608 [WARN] DbFile:41 - Overriding database path with different value: C:\Users\adamg\.stmcufinder\plugins\mcufinder/ => C:\Users\adamg\.stmcufinder\plugins\mcufinder
2024-09-19 05:11:47,608 [INFO] CrossReferenceDbSqlite:203 - Set database path to: C:\Users\adamg\.stmcufinder\plugins\mcufinder//mcu/cs/
2024-09-19 05:11:47,877 [INFO] MainPanel:268 - HeapMemory: 268435456
2024-09-19 05:11:48,061 [INFO] DbMcusXml:78 - Set database path to: C:\ST\STM32CubeIDE_1.16.0\STM32CubeIDE\plugins\com.st.stm32cube.common.mx_6.12.0.202406281431\\db\/mcu/
2024-09-19 05:11:48,062 [INFO] ApiDb:274 - Set plugin database path to: C:\ST\STM32CubeIDE_1.16.0\STM32CubeIDE\plugins\com.st.stm32cube.common.mx_6.12.0.202406281431\\db\/plugins/boardmanager/
2024-09-19 05:11:48,062 [INFO] ApiDb:261 - Set plugin images path to: C:\ST\STM32CubeIDE_1.16.0\STM32CubeIDE\plugins\com.st.stm32cube.common.mx_6.12.0.202406281431\\db\/plugins/mcufinder/images/
2024-09-19 05:11:48,063 [WARN] DbFile:41 - Overriding database path with different value: C:\Users\adamg\.stmcufinder\plugins\mcufinder/ => C:\Users\adamg\.stmcufinder\plugins\mcufinder
2024-09-19 05:11:48,063 [INFO] ApiDb:250 - Set database path to: C:\Users\adamg\.stmcufinder\plugins\mcufinder//mcu/
2024-09-19 05:11:48,063 [WARN] DbFile:41 - Overriding database path with different value: C:\Users\adamg\.stmcufinder\plugins\mcufinder/ => C:\Users\adamg\.stmcufinder\plugins\mcufinder
2024-09-19 05:11:48,063 [INFO] DbMcusAds:125 - Set database path to: C:\Users\adamg\.stmcufinder\plugins\mcufinder//mcu/
2024-09-19 05:11:48,064 [WARN] DbFile:41 - Overriding database path with different value: C:\Users\adamg\.stmcufinder\plugins\mcufinder/ => C:\Users\adamg\.stmcufinder\plugins\mcufinder
2024-09-19 05:11:48,064 [WARN] DbFile:41 - Overriding database path with different value: C:\Users\adamg\.stmcufinder\plugins\mcufinder/ => C:\Users\adamg\.stmcufinder\plugins\mcufinder
2024-09-19 05:11:48,064 [INFO] CrossReferenceDbSqlite:203 - Set database path to: C:\Users\adamg\.stmcufinder\plugins\mcufinder//mcu/cs/
2024-09-19 05:11:48,099 [INFO] ApplicationProperties:184 - Using Application install path: C:\ST\STM32CubeIDE_1.16.0\STM32CubeIDE\plugins\com.st.stm32cube.common.mx_6.12.0.202406281431
2024-09-19 05:11:48,103 [INFO] PluginManage:196 - Search for loadable plugins [exclusion list=, ]
2024-09-19 05:11:48,106 [INFO] PluginManage:310 - Check plugin analytics
2024-09-19 05:11:48,692 [INFO] AnalyticsPlugin:253 - Accepted Software Licenses: STM32CubeMX.6.12.0
2024-09-19 05:11:48,692 [INFO] AnalyticsPlugin:255 - Accepted CMSIS Pack Licenses: 
2024-09-19 05:11:48,692 [INFO] AnalyticsPlugin:257 - Accepted Firmware Licenses: 
2024-09-19 05:11:48,695 [INFO] PluginManage:359 - Loaded plugin analytics (category:tool,tabindex:-1)
2024-09-19 05:11:48,695 [INFO] PluginManage:310 - Check plugin cadmodel
2024-09-19 05:11:48,854 [INFO] CADModel:105 - Init CAD model plugin
2024-09-19 05:11:48,855 [INFO] PluginManage:359 - Loaded plugin cadmodel (category:power,tabindex:5)
2024-09-19 05:11:48,855 [INFO] PluginManage:310 - Check plugin clock
2024-09-19 05:11:49,056 [INFO] PluginManage:359 - Loaded plugin clock (category:base,tabindex:2)
2024-09-19 05:11:49,056 [INFO] PluginManage:310 - Check plugin ddr
2024-09-19 05:11:49,061 [INFO] PluginManage:359 - Loaded plugin ddr (category:tool,tabindex:6)
2024-09-19 05:11:49,061 [INFO] PluginManage:310 - Check plugin filemanager
2024-09-19 05:11:49,339 [INFO] PluginManage:359 - Loaded plugin filemanager (category:base,tabindex:10)
2024-09-19 05:11:49,339 [INFO] PluginManage:310 - Check plugin ipmanager
2024-09-19 05:11:49,360 [INFO] PluginManage:359 - Loaded plugin ipmanager (category:base,tabindex:5)
2024-09-19 05:11:49,361 [INFO] PluginManage:310 - Check plugin lpbam
2024-09-19 05:11:49,495 [INFO] PluginManage:359 - Loaded plugin lpbam (category:base,tabindex:0)
2024-09-19 05:11:49,495 [INFO] PluginManage:310 - Check plugin memorymap
2024-09-19 05:11:49,618 [INFO] PluginManage:359 - Loaded plugin memorymap (category:base,tabindex:4)
2024-09-19 05:11:49,619 [INFO] PluginManage:310 - Check plugin pinoutandconfiguration
2024-09-19 05:11:49,798 [INFO] PluginManage:359 - Loaded plugin pinoutandconfiguration (category:base,tabindex:1)
2024-09-19 05:11:49,798 [INFO] PluginManage:310 - Check plugin pinoutconfig
2024-09-19 05:11:50,096 [WARN] SupportedApi:132 - Cannot load RTOS API schema: s4s-elt-must-match.1: The content of 'definitions' must match (annotation?, (simpleType | complexType)?, (unique | key | keyref)*)). A problem was found starting at: attribute.
2024-09-19 05:11:50,380 [INFO] PluginManage:359 - Loaded plugin pinoutconfig (category:base,tabindex:0)
2024-09-19 05:11:50,380 [INFO] PluginManage:310 - Check plugin power
2024-09-19 05:11:50,597 [INFO] PluginManage:359 - Loaded plugin power (category:power,tabindex:4)
2024-09-19 05:11:50,597 [INFO] PluginManage:310 - Check plugin projectmanager
2024-09-19 05:11:50,627 [INFO] PluginManage:359 - Loaded plugin projectmanager (category:projectmanager,tabindex:4)
2024-09-19 05:11:50,627 [INFO] PluginManage:310 - Check plugin rif
2024-09-19 05:11:50,769 [INFO] PluginManage:359 - Loaded plugin rif (category:base,tabindex:3)
2024-09-19 05:11:50,769 [INFO] PluginManage:310 - Check plugin thirdparty
2024-09-19 05:11:51,589 [INFO] PluginManage:359 - Loaded plugin thirdparty (category:base,tabindex:-1)
2024-09-19 05:11:51,590 [INFO] PluginManage:310 - Check plugin tools
2024-09-19 05:11:51,591 [WARN] IntegrityCheckThread:84 - waiting for thirdparty lock release [integrity check]
2024-09-19 05:11:51,591 [INFO] IntegrityCheckThread:86 - entering critical section [integrity check]
2024-09-19 05:11:51,592 [INFO] ThirdPartyUpdaterWithRetryManager:70 - Updater plugin not ready yet. [1/15]
2024-09-19 05:11:51,679 [INFO] PluginManage:359 - Loaded plugin tools (category:base,tabindex:7)
2024-09-19 05:11:51,680 [INFO] PluginManage:310 - Check plugin tutovideos
2024-09-19 05:11:52,379 [INFO] PluginManage:359 - Loaded plugin tutovideos (category:base,tabindex:-1)
2024-09-19 05:11:52,380 [INFO] PluginManage:310 - Check plugin updater
2024-09-19 05:11:52,415 [INFO] PluginManage:359 - Loaded plugin updater (category:base,tabindex:12)
2024-09-19 05:11:52,415 [INFO] PluginManage:310 - Check plugin userauth
2024-09-19 05:11:52,424 [INFO] UserAuth:113 - Init User Auth plugin
2024-09-19 05:11:52,424 [INFO] PluginManage:359 - Loaded plugin userauth (category:base,tabindex:14)
2024-09-19 05:11:52,425 [INFO] PluginManage:283 - PluginManage : Loaded plugins [18]
2024-09-19 05:11:52,815 [INFO] PinOutPanel:1561 - setPackage(No Configuration,No Configuration)
2024-09-19 05:11:53,044 [INFO] CADModel:165 - CPN selected for project level
2024-09-19 05:11:53,044 [INFO] CADModel:114 - Register for checkConnection events
2024-09-19 05:11:53,112 [INFO] IPUIPlugin:80 - create IPUIPlugin
2024-09-19 05:11:53,112 [INFO] PluginManager:220 - loadIPPluginJar : add adc
2024-09-19 05:11:53,227 [INFO] IPUIPlugin:80 - create IPUIPlugin
2024-09-19 05:11:53,227 [INFO] PluginManager:220 - loadIPPluginJar : add aes
2024-09-19 05:11:53,310 [INFO] IPUIPlugin:80 - create IPUIPlugin
2024-09-19 05:11:53,310 [INFO] PluginManager:220 - loadIPPluginJar : add can
2024-09-19 05:11:53,362 [INFO] IPUIPlugin:80 - create IPUIPlugin
2024-09-19 05:11:53,362 [INFO] PluginManager:220 - loadIPPluginJar : add comp
2024-09-19 05:11:53,442 [INFO] IPUIPlugin:80 - create IPUIPlugin
2024-09-19 05:11:53,443 [INFO] PluginManager:220 - loadIPPluginJar : add cryp
2024-09-19 05:11:53,490 [INFO] IPUIPlugin:80 - create IPUIPlugin
2024-09-19 05:11:53,490 [INFO] PluginManager:220 - loadIPPluginJar : add ddr_ctrl_phy
2024-09-19 05:11:53,604 [INFO] IPUIPlugin:80 - create IPUIPlugin
2024-09-19 05:11:53,605 [INFO] PluginManager:220 - loadIPPluginJar : add dfsdm
2024-09-19 05:11:53,648 [INFO] IPUIPlugin:80 - create IPUIPlugin
2024-09-19 05:11:53,649 [INFO] PluginManager:220 - loadIPPluginJar : add dma
2024-09-19 05:11:53,738 [INFO] IPUIPlugin:80 - create IPUIPlugin
2024-09-19 05:11:53,739 [INFO] PluginManager:220 - loadIPPluginJar : add dma3
2024-09-19 05:11:53,822 [INFO] IPUIPlugin:80 - create IPUIPlugin
2024-09-19 05:11:53,822 [INFO] PluginManager:220 - loadIPPluginJar : add extmemmanager
2024-09-19 05:11:53,857 [INFO] IPUIPlugin:80 - create IPUIPlugin
2024-09-19 05:11:53,857 [INFO] PluginManager:220 - loadIPPluginJar : add fatfs
2024-09-19 05:11:53,989 [INFO] IPUIPlugin:80 - create IPUIPlugin
2024-09-19 05:11:53,990 [INFO] PluginManager:220 - loadIPPluginJar : add fmc
2024-09-19 05:11:54,145 [INFO] IPUIPlugin:80 - create IPUIPlugin
2024-09-19 05:11:54,145 [INFO] PluginManager:220 - loadIPPluginJar : add freertos
2024-09-19 05:11:54,182 [INFO] IPUIPlugin:80 - create IPUIPlugin
2024-09-19 05:11:54,182 [INFO] PluginManager:220 - loadIPPluginJar : add genericplugin
2024-09-19 05:11:54,344 [INFO] IPUIPlugin:80 - create IPUIPlugin
2024-09-19 05:11:54,344 [INFO] PluginManager:220 - loadIPPluginJar : add gfxmmu
2024-09-19 05:11:54,594 [INFO] ThirdPartyUpdaterWithRetryManager:70 - Updater plugin not ready yet. [2/15]
2024-09-19 05:11:54,680 [INFO] IPUIPlugin:80 - create IPUIPlugin
2024-09-19 05:11:54,681 [INFO] PluginManager:220 - loadIPPluginJar : add gic
2024-09-19 05:11:54,777 [INFO] IPUIPlugin:80 - create IPUIPlugin
2024-09-19 05:11:54,777 [INFO] PluginManager:220 - loadIPPluginJar : add gpio
2024-09-19 05:11:54,972 [INFO] IPUIPlugin:80 - create IPUIPlugin
2024-09-19 05:11:54,972 [INFO] PluginManager:220 - loadIPPluginJar : add gtzc
2024-09-19 05:11:55,085 [INFO] IPUIPlugin:80 - create IPUIPlugin
2024-09-19 05:11:55,086 [INFO] PluginManager:220 - loadIPPluginJar : add hash
2024-09-19 05:11:55,220 [INFO] IPUIPlugin:80 - create IPUIPlugin
2024-09-19 05:11:55,220 [INFO] PluginManager:220 - loadIPPluginJar : add i2c
2024-09-19 05:11:55,306 [INFO] IPUIPlugin:80 - create IPUIPlugin
2024-09-19 05:11:55,307 [INFO] PluginManager:220 - loadIPPluginJar : add i2s
2024-09-19 05:11:55,377 [INFO] IPUIPlugin:80 - create IPUIPlugin
2024-09-19 05:11:55,377 [INFO] PluginManager:220 - loadIPPluginJar : add i3c
2024-09-19 05:11:55,553 [INFO] IPUIPlugin:80 - create IPUIPlugin
2024-09-19 05:11:55,553 [INFO] PluginManager:220 - loadIPPluginJar : add ipddr
2024-09-19 05:11:55,812 [INFO] IPUIPlugin:80 - create IPUIPlugin
2024-09-19 05:11:55,812 [INFO] PluginManager:220 - loadIPPluginJar : add linkedlist
2024-09-19 05:11:55,913 [INFO] IPUIPlugin:80 - create IPUIPlugin
2024-09-19 05:11:55,913 [INFO] PluginManager:220 - loadIPPluginJar : add lorawan
2024-09-19 05:11:56,011 [INFO] IPUIPlugin:80 - create IPUIPlugin
2024-09-19 05:11:56,012 [INFO] PluginManager:220 - loadIPPluginJar : add ltdc
2024-09-19 05:11:56,098 [INFO] IPUIPlugin:80 - create IPUIPlugin
2024-09-19 05:11:56,098 [INFO] PluginManager:220 - loadIPPluginJar : add mdma
2024-09-19 05:11:56,178 [INFO] IPUIPlugin:80 - create IPUIPlugin
2024-09-19 05:11:56,178 [INFO] PluginManager:220 - loadIPPluginJar : add nvic
2024-09-19 05:11:56,257 [INFO] IPUIPlugin:80 - create IPUIPlugin
2024-09-19 05:11:56,257 [INFO] PluginManager:220 - loadIPPluginJar : add opamp
2024-09-19 05:11:56,370 [INFO] IPUIPlugin:80 - create IPUIPlugin
2024-09-19 05:11:56,370 [INFO] PluginManager:220 - loadIPPluginJar : add openamp
2024-09-19 05:11:56,478 [INFO] IPUIPlugin:80 - create IPUIPlugin
2024-09-19 05:11:56,479 [INFO] PluginManager:220 - loadIPPluginJar : add pdm2pcm
2024-09-19 05:11:56,557 [INFO] IPUIPlugin:80 - create IPUIPlugin
2024-09-19 05:11:56,560 [INFO] PluginManager:220 - loadIPPluginJar : add plateformsettings
2024-09-19 05:11:56,633 [INFO] IPUIPlugin:80 - create IPUIPlugin
2024-09-19 05:11:56,633 [INFO] PluginManager:220 - loadIPPluginJar : add quadspi
2024-09-19 05:11:56,686 [INFO] IPUIPlugin:80 - create IPUIPlugin
2024-09-19 05:11:56,686 [INFO] PluginManager:220 - loadIPPluginJar : add radio
2024-09-19 05:11:56,861 [INFO] IPUIPlugin:80 - create IPUIPlugin
2024-09-19 05:11:56,862 [INFO] PluginManager:220 - loadIPPluginJar : add resmgrutility
2024-09-19 05:11:57,008 [INFO] IPUIPlugin:80 - create IPUIPlugin
2024-09-19 05:11:57,008 [INFO] PluginManager:220 - loadIPPluginJar : add sai
2024-09-19 05:11:57,113 [INFO] IPUIPlugin:80 - create IPUIPlugin
2024-09-19 05:11:57,114 [INFO] PluginManager:220 - loadIPPluginJar : add spi
2024-09-19 05:11:57,279 [INFO] IPUIPlugin:80 - create IPUIPlugin
2024-09-19 05:11:57,280 [INFO] PluginManager:220 - loadIPPluginJar : add stm32_wpan
2024-09-19 05:11:57,339 [INFO] IPUIPlugin:80 - create IPUIPlugin
2024-09-19 05:11:57,339 [INFO] PluginManager:220 - loadIPPluginJar : add tim
2024-09-19 05:11:57,479 [INFO] IPUIPlugin:80 - create IPUIPlugin
2024-09-19 05:11:57,480 [INFO] PluginManager:220 - loadIPPluginJar : add touchsensing
2024-09-19 05:11:57,522 [INFO] IPUIPlugin:80 - create IPUIPlugin
2024-09-19 05:11:57,522 [INFO] PluginManager:220 - loadIPPluginJar : add tracer_emb
2024-09-19 05:11:57,593 [INFO] IPUIPlugin:80 - create IPUIPlugin
2024-09-19 05:11:57,593 [INFO] PluginManager:220 - loadIPPluginJar : add ts
2024-09-19 05:11:57,597 [INFO] ThirdPartyUpdaterWithRetryManager:70 - Updater plugin not ready yet. [3/15]
2024-09-19 05:11:57,655 [INFO] IPUIPlugin:80 - create IPUIPlugin
2024-09-19 05:11:57,655 [INFO] PluginManager:220 - loadIPPluginJar : add tsc
2024-09-19 05:11:57,708 [INFO] IPUIPlugin:80 - create IPUIPlugin
2024-09-19 05:11:57,708 [INFO] PluginManager:220 - loadIPPluginJar : add ucpd
2024-09-19 05:11:57,798 [INFO] IPUIPlugin:80 - create IPUIPlugin
2024-09-19 05:11:57,798 [INFO] PluginManager:220 - loadIPPluginJar : add usart
2024-09-19 05:11:57,881 [INFO] IPUIPlugin:80 - create IPUIPlugin
2024-09-19 05:11:57,881 [INFO] PluginManager:220 - loadIPPluginJar : add usbx
2024-09-19 05:11:58,073 [INFO] CADModel:165 - CPN selected for project level
2024-09-19 05:11:58,073 [INFO] CADModel:114 - Register for checkConnection events
2024-09-19 05:11:58,075 [FATAL] Updater:334 - Updater called before beeing initialized
2024-09-19 05:11:58,075 [ERROR] CADModel:125 - Updater not yet initialized, retry later 
2024-09-19 05:11:58,335 [INFO] CADModel:165 - CPN selected for project level
2024-09-19 05:11:58,335 [INFO] CADModel:114 - Register for checkConnection events
2024-09-19 05:11:58,335 [FATAL] Updater:334 - Updater called before beeing initialized
2024-09-19 05:11:58,335 [ERROR] CADModel:125 - Updater not yet initialized, retry later 
2024-09-19 05:11:58,340 [FATAL] Updater:334 - Updater called before beeing initialized
2024-09-19 05:11:58,581 [FATAL] Updater:334 - Updater called before beeing initialized
2024-09-19 05:11:58,602 [INFO] DbMcusAds:53 - JSON generation date=Thu May 16 11:22:00 CEST 2024 (1715851320667)
2024-09-19 05:11:58,602 [FATAL] Updater:334 - Updater called before beeing initialized
2024-09-19 05:11:58,723 [WARN] DetailPanel:346 - Failed to get advertising image, set to default
2024-09-19 05:11:58,846 [FATAL] Updater:334 - Updater called before beeing initialized
2024-09-19 05:11:58,849 [FATAL] Updater:334 - Updater called before beeing initialized
2024-09-19 05:11:58,849 [FATAL] Updater:334 - Updater called before beeing initialized
2024-09-19 05:11:58,849 [WARN] DetailPanel:346 - Failed to get advertising image, set to default
2024-09-19 05:11:58,850 [FATAL] Updater:334 - Updater called before beeing initialized
2024-09-19 05:11:58,954 [ERROR] Updater:1164 - MainUpdater not yet initialized. External WinMGr cannot be set.
2024-09-19 05:11:58,972 [INFO] Updater:1100 - Updater Version found : 6.12.0
2024-09-19 05:11:59,005 [INFO] ApplicationProperties:184 - Using Application install path: C:\ST\STM32CubeIDE_1.16.0\STM32CubeIDE\plugins\com.st.stm32cube.common.mx_6.12.0.202406281431
2024-09-19 05:11:59,652 [INFO] MainUpdater:2873 - connection check result : 10
2024-09-19 05:11:59,653 [INFO] MainUpdater:3567 - Updater definition file requires update
2024-09-19 05:11:59,657 [INFO] MainUpdater:290 - Updater Check For Update Now.
2024-09-19 05:11:59,658 [INFO] MicroXplorer:498 - Change Database Version : DB.6.0.120
2024-09-19 05:11:59,721 [INFO] McuFinderGlobals:63 - Set McuFinder mode to 2 (CubeIDE integrated)
2024-09-19 05:11:59,722 [INFO] UserAuth:179 - activating auth plugin
2024-09-19 05:11:59,726 [INFO] UserAuth:417 - Internet connection configuration mode: 1
2024-09-19 05:11:59,768 [INFO] JxBrowserEngine:152 - Initiate JxBrowser Engine with user profile folder
2024-09-19 05:11:59,794 [INFO] ServerAccessManage:473 - Download File updaters.zip
2024-09-19 05:12:00,071 [INFO] FileExtend:240 - Unzip File : updaters.zip
2024-09-19 05:12:00,072 [INFO] FileExtend:255 - Standard Zip Deflate
2024-09-19 05:12:00,597 [WARN] MainUpdater:1194 - Updater busy. Cannot search thirdparties
2024-09-19 05:12:00,598 [INFO] ThirdPartyUpdaterWithRetryManager:96 - Updater plugin is busy. [1/15]
2024-09-19 05:12:03,599 [WARN] MainUpdater:1194 - Updater busy. Cannot search thirdparties
2024-09-19 05:12:03,599 [INFO] ThirdPartyUpdaterWithRetryManager:96 - Updater plugin is busy. [2/15]
2024-09-19 05:12:06,600 [WARN] MainUpdater:1194 - Updater busy. Cannot search thirdparties
2024-09-19 05:12:06,600 [INFO] ThirdPartyUpdaterWithRetryManager:96 - Updater plugin is busy. [3/15]
2024-09-19 05:12:07,953 [INFO] WebApp:167 - Instantiating new browser for Auth
2024-09-19 05:12:09,601 [WARN] MainUpdater:1194 - Updater busy. Cannot search thirdparties
2024-09-19 05:12:09,602 [INFO] ThirdPartyUpdaterWithRetryManager:96 - Updater plugin is busy. [4/15]
2024-09-19 05:12:10,576 [INFO] WebApp:448 - Apply proxy settings
2024-09-19 05:12:10,578 [INFO] WebApp:533 - Chromium requires no authentication
2024-09-19 05:12:10,592 [INFO] WebApp:476 - Direct internet connection detected
2024-09-19 05:12:10,637 [INFO] WebApp:869 - Register for checkConnection events
2024-09-19 05:12:10,638 [INFO] WebApp:448 - Apply proxy settings
2024-09-19 05:12:10,638 [INFO] WebApp:533 - Chromium requires no authentication
2024-09-19 05:12:10,639 [INFO] WebApp:476 - Direct internet connection detected
2024-09-19 05:12:10,982 [INFO] WebApp:220 - Starting web application
2024-09-19 05:12:10,982 [INFO] WebApp:578 - Web application path used C:\ST\STM32CubeIDE_1.16.0\STM32CubeIDE\plugins\com.st.stm32cube.common.mx_6.12.0.202406281431\db\plugins\mcufinder\reactClient1\index.html
2024-09-19 05:12:12,603 [WARN] MainUpdater:1194 - Updater busy. Cannot search thirdparties
2024-09-19 05:12:12,603 [INFO] ThirdPartyUpdaterWithRetryManager:96 - Updater plugin is busy. [5/15]
2024-09-19 05:12:12,984 [INFO] WebApp:186 - Connection restablished
2024-09-19 05:12:15,605 [WARN] MainUpdater:1194 - Updater busy. Cannot search thirdparties
2024-09-19 05:12:15,605 [INFO] ThirdPartyUpdaterWithRetryManager:96 - Updater plugin is busy. [6/15]
2024-09-19 05:12:18,455 [INFO] ServerAccessManage:473 - Download File PacksControlFlags.xml
2024-09-19 05:12:18,607 [WARN] MainUpdater:1194 - Updater busy. Cannot search thirdparties
2024-09-19 05:12:18,607 [INFO] ThirdPartyUpdaterWithRetryManager:96 - Updater plugin is busy. [7/15]
2024-09-19 05:12:18,763 [INFO] ServerAccessManage:473 - Download File cubemx.pidx
2024-09-19 05:12:19,905 [INFO] ServerAccessManage:473 - Download File STMicroelectronics.X-CUBE-ISPU.pdsc
2024-09-19 05:12:21,607 [WARN] MainUpdater:1194 - Updater busy. Cannot search thirdparties
2024-09-19 05:12:21,608 [INFO] ThirdPartyUpdaterWithRetryManager:96 - Updater plugin is busy. [8/15]
2024-09-19 05:12:22,841 [WARN] PackLoader:240 - Cannot read IP mode file for STMicroelectronics.X-CUBE-ISPU.2.1.0
2024-09-19 05:12:22,845 [INFO] PopulateThirdPartyThread:66 - Ending populate Thread
2024-09-19 05:12:22,846 [INFO] ThirdParty:1030 - CMSIS Pack Vendor :STMicroelectronics X-CUBE-ISPU 2.1.0
2024-09-19 05:12:22,846 [INFO] LoadServerUpdatesThread:375 - End of LoadServerUpdate Thread
2024-09-19 05:12:23,016 [INFO] CheckServerUpdateThread:120 - End of CheckServer Thread
2024-09-19 05:12:24,993 [WARN] PackLoader:240 - Cannot read IP mode file for STMicroelectronics.FP-SNS-MOTENVWB1.1.4.0
2024-09-19 05:12:25,026 [WARN] PackLoader:240 - Cannot read IP mode file for STMicroelectronics.X-CUBE-SMBUS.2.1.0
2024-09-19 05:12:25,096 [WARN] PackLoader:240 - Cannot read IP mode file for STMicroelectronics.X-CUBE-AZRTOS-F7.1.1.0
2024-09-19 05:12:25,220 [WARN] PackLoader:240 - Cannot read IP mode file for STMicroelectronics.X-CUBE-MEMS1.11.0.0
2024-09-19 05:12:25,567 [WARN] PackLoader:240 - Cannot read IP mode file for STMicroelectronics.FP-SNS-FLIGHT1.5.0.2
2024-09-19 05:12:25,617 [WARN] PackLoader:240 - Cannot read IP mode file for STMicroelectronics.X-CUBE-DISPLAY.3.0.0
2024-09-19 05:12:25,661 [WARN] PackLoader:240 - Cannot read IP mode file for STMicroelectronics.X-CUBE-BLE1.7.0.0
2024-09-19 05:12:25,686 [WARN] PackLoader:240 - Cannot read IP mode file for emotas.I-CUBE-CANOPEN.1.3.0
2024-09-19 05:12:25,718 [WARN] PackLoader:240 - Cannot read IP mode file for STMicroelectronics.X-CUBE-BLEMGR.3.1.0
2024-09-19 05:12:25,748 [WARN] PackLoader:240 - Cannot read IP mode file for STMicroelectronics.FP-SNS-SMARTAG2.1.2.0
2024-09-19 05:12:25,791 [INFO] LogOutputStream:77 - [STDOUT_REDIRECT] 1 : Invalid condition id : UX_CORESTACK_Condition cause : null
2024-09-19 05:12:25,794 [INFO] LogOutputStream:77 - [STDOUT_REDIRECT] 1 : Invalid condition id : UX_CORESTACK_Condition cause : null
2024-09-19 05:12:25,796 [INFO] LogOutputStream:77 - [STDOUT_REDIRECT] 1 : Invalid condition id : UX_CORESTACK_Condition cause : null
2024-09-19 05:12:25,798 [INFO] LogOutputStream:77 - [STDOUT_REDIRECT] 1 : Invalid condition id : UX_CORESTACK_Condition cause : null
2024-09-19 05:12:25,799 [INFO] LogOutputStream:77 - [STDOUT_REDIRECT] 1 : Invalid condition id : UX_CORESTACK_Condition cause : null
2024-09-19 05:12:25,803 [WARN] PackLoader:240 - Cannot read IP mode file for STMicroelectronics.X-CUBE-AZRTOS-WL.2.0.0
2024-09-19 05:12:25,835 [WARN] PackLoader:240 - Cannot read IP mode file for STMicroelectronics.FP-SNS-MOTENV1.5.0.0
2024-09-19 05:12:25,848 [WARN] PackLoader:240 - Cannot read IP mode file for wolfSSL.I-CUBE-wolfMQTT.1.19.0
2024-09-19 05:12:25,881 [WARN] PackLoader:240 - Cannot read IP mode file for WES.I-CUBE-Cesium.1.3.0
2024-09-19 05:12:25,914 [WARN] PackLoader:240 - Cannot read IP mode file for STMicroelectronics.X-CUBE-BLE2.3.3.0
2024-09-19 05:12:25,942 [WARN] PackLoader:240 - Cannot read IP mode file for STMicroelectronics.X-CUBE-TCPP.4.1.0
2024-09-19 05:12:25,996 [WARN] PackLoader:240 - Cannot read IP mode file for STMicroelectronics.X-CUBE-AZRTOS-G0.1.1.0
2024-09-19 05:12:26,032 [WARN] PackLoader:240 - Cannot read IP mode file for STMicroelectronics.X-CUBE-SAFEA1.1.2.2
2024-09-19 05:12:26,069 [WARN] PackLoader:240 - Cannot read IP mode file for STMicroelectronics.X-CUBE-NFC4.3.0.0
2024-09-19 05:12:26,147 [WARN] PackLoader:240 - Cannot read IP mode file for EmbeddedOffice.I-CUBE-FS-RTOS.1.0.1
2024-09-19 05:12:26,147 [ERROR] ConditionMgr:805 - Attr not supported : Dmpu
2024-09-19 05:12:26,147 [ERROR] ConditionMgr:805 - Attr not supported : Dmpu
2024-09-19 05:12:26,147 [ERROR] ConditionMgr:805 - Attr not supported : Dmpu
2024-09-19 05:12:26,148 [ERROR] ConditionMgr:805 - Attr not supported : Dmpu
2024-09-19 05:12:26,148 [ERROR] ConditionMgr:805 - Attr not supported : Dmpu
2024-09-19 05:12:26,148 [ERROR] ConditionMgr:805 - Attr not supported : Dmpu
2024-09-19 05:12:26,148 [ERROR] ConditionMgr:805 - Attr not supported : Dmpu
2024-09-19 05:12:26,148 [ERROR] ConditionMgr:805 - Attr not supported : Dmpu
2024-09-19 05:12:26,148 [ERROR] ConditionMgr:805 - Attr not supported : Dmpu
2024-09-19 05:12:26,148 [ERROR] ConditionMgr:805 - Attr not supported : Dmpu
2024-09-19 05:12:26,148 [ERROR] ConditionMgr:805 - Attr not supported : Dmpu
2024-09-19 05:12:26,148 [ERROR] ConditionMgr:805 - Attr not supported : Dmpu
2024-09-19 05:12:26,148 [ERROR] ConditionMgr:805 - Attr not supported : Dmpu
2024-09-19 05:12:26,149 [ERROR] ConditionMgr:805 - Attr not supported : Dmpu
2024-09-19 05:12:26,149 [ERROR] ConditionMgr:805 - Attr not supported : Dmpu
2024-09-19 05:12:26,149 [ERROR] ConditionMgr:805 - Attr not supported : Dmpu
2024-09-19 05:12:26,149 [ERROR] ConditionMgr:805 - Attr not supported : Dmpu
2024-09-19 05:12:26,149 [ERROR] ConditionMgr:805 - Attr not supported : Dmpu
2024-09-19 05:12:26,149 [ERROR] ConditionMgr:805 - Attr not supported : Dmpu
2024-09-19 05:12:26,149 [ERROR] ConditionMgr:805 - Attr not supported : Dmpu
2024-09-19 05:12:26,149 [ERROR] ConditionMgr:805 - Attr not supported : Dmpu
2024-09-19 05:12:26,149 [ERROR] ConditionMgr:805 - Attr not supported : Dmpu
2024-09-19 05:12:26,149 [ERROR] ConditionMgr:805 - Attr not supported : Dmpu
2024-09-19 05:12:26,149 [ERROR] ConditionMgr:805 - Attr not supported : Dmpu
2024-09-19 05:12:26,149 [ERROR] ConditionMgr:805 - Attr not supported : Dmpu
2024-09-19 05:12:26,150 [ERROR] ConditionMgr:805 - Attr not supported : Dmpu
2024-09-19 05:12:26,150 [ERROR] ConditionMgr:805 - Attr not supported : Dmpu
2024-09-19 05:12:26,150 [ERROR] ConditionMgr:805 - Attr not supported : Dmpu
2024-09-19 05:12:26,150 [ERROR] ConditionMgr:805 - Attr not supported : Dmpu
2024-09-19 05:12:26,150 [ERROR] ConditionMgr:805 - Attr not supported : Dmpu
2024-09-19 05:12:26,150 [ERROR] ConditionMgr:805 - Attr not supported : Dmpu
2024-09-19 05:12:26,150 [ERROR] ConditionMgr:805 - Attr not supported : Dmpu
2024-09-19 05:12:26,150 [ERROR] ConditionMgr:805 - Attr not supported : Dmpu
2024-09-19 05:12:26,150 [ERROR] ConditionMgr:805 - Attr not supported : Dmpu
2024-09-19 05:12:26,150 [ERROR] ConditionMgr:805 - Attr not supported : Dmpu
2024-09-19 05:12:26,150 [ERROR] ConditionMgr:805 - Attr not supported : Dmpu
2024-09-19 05:12:26,150 [ERROR] ConditionMgr:805 - Attr not supported : Dmpu
2024-09-19 05:12:26,151 [ERROR] ConditionMgr:805 - Attr not supported : Dmpu
2024-09-19 05:12:26,151 [ERROR] ConditionMgr:805 - Attr not supported : Dmpu
2024-09-19 05:12:26,151 [ERROR] ConditionMgr:805 - Attr not supported : Dmpu
2024-09-19 05:12:26,151 [ERROR] ConditionMgr:805 - Attr not supported : Dmpu
2024-09-19 05:12:26,151 [ERROR] ConditionMgr:805 - Attr not supported : Dmpu
2024-09-19 05:12:26,151 [ERROR] ConditionMgr:805 - Attr not supported : Dmpu
2024-09-19 05:12:26,151 [ERROR] ConditionMgr:805 - Attr not supported : Dmpu
2024-09-19 05:12:26,152 [ERROR] ConditionMgr:805 - Attr not supported : Dmpu
2024-09-19 05:12:26,152 [ERROR] ConditionMgr:805 - Attr not supported : Dmpu
2024-09-19 05:12:26,152 [ERROR] ConditionMgr:805 - Attr not supported : Dmpu
2024-09-19 05:12:26,152 [ERROR] ConditionMgr:805 - Attr not supported : Dmpu
2024-09-19 05:12:26,152 [ERROR] ConditionMgr:805 - Attr not supported : Dmpu
2024-09-19 05:12:26,152 [ERROR] ConditionMgr:805 - Attr not supported : Dmpu
2024-09-19 05:12:26,152 [ERROR] ConditionMgr:805 - Attr not supported : Dmpu
2024-09-19 05:12:26,152 [ERROR] ConditionMgr:805 - Attr not supported : Dmpu
2024-09-19 05:12:26,152 [ERROR] ConditionMgr:805 - Attr not supported : Dmpu
2024-09-19 05:12:26,152 [ERROR] ConditionMgr:805 - Attr not supported : Dmpu
2024-09-19 05:12:26,152 [ERROR] ConditionMgr:805 - Attr not supported : Dmpu
2024-09-19 05:12:26,152 [ERROR] ConditionMgr:805 - Attr not supported : Dmpu
2024-09-19 05:12:26,153 [ERROR] ConditionMgr:805 - Attr not supported : Dmpu
2024-09-19 05:12:26,153 [ERROR] ConditionMgr:805 - Attr not supported : Dmpu
2024-09-19 05:12:26,153 [ERROR] ConditionMgr:805 - Attr not supported : Dmpu
2024-09-19 05:12:26,153 [ERROR] ConditionMgr:805 - Attr not supported : Dmpu
2024-09-19 05:12:26,153 [ERROR] ConditionMgr:805 - Attr not supported : Dmpu
2024-09-19 05:12:26,153 [ERROR] ConditionMgr:805 - Attr not supported : Dmpu
2024-09-19 05:12:26,153 [ERROR] ConditionMgr:805 - Attr not supported : Dmpu
2024-09-19 05:12:26,153 [ERROR] ConditionMgr:805 - Attr not supported : Dmpu
2024-09-19 05:12:26,182 [WARN] PackLoader:240 - Cannot read IP mode file for RealThread.X-CUBE-RT-Thread_Nano.4.1.1
2024-09-19 05:12:26,195 [WARN] PackLoader:240 - Cannot read IP mode file for STMicroelectronics.FP-ATR-SIGFOX1.3.2.0
2024-09-19 05:12:26,220 [WARN] PackLoader:240 - Cannot read IP mode file for wolfSSL.I-CUBE-wolfSSL.5.7.2
2024-09-19 05:12:26,246 [WARN] PackLoader:240 - Cannot read IP mode file for STMicroelectronics.X-CUBE-EEPRMA1.5.1.0
2024-09-19 05:12:26,277 [WARN] PackLoader:240 - Cannot read IP mode file for ITTIA_DB.I-CUBE-ITTIADB.8.9.0
2024-09-19 05:12:26,339 [WARN] PackLoader:240 - Cannot read IP mode file for SEGGER.I-CUBE-embOS.1.3.1
2024-09-19 05:12:26,644 [WARN] PackLoader:240 - Cannot read IP mode file for STMicroelectronics.X-CUBE-ALGOBUILD.1.4.0
2024-09-19 05:12:26,674 [WARN] PackLoader:240 - Cannot read IP mode file for STMicroelectronics.X-CUBE-GNSS1.6.0.0
2024-09-19 05:12:26,785 [WARN] PackLoader:240 - Cannot read IP mode file for STMicroelectronics.X-CUBE-AZRTOS-F4.1.1.0
2024-09-19 05:12:26,793 [WARN] PackLoader:240 - Cannot read IP mode file for STMicroelectronics.X-CUBE-ISPU.2.1.0
2024-09-19 05:12:26,819 [WARN] PackLoader:240 - Cannot read IP mode file for STMicroelectronics.X-CUBE-FREERTOS.1.2.0
2024-09-19 05:12:26,884 [WARN] PackLoader:240 - Cannot read IP mode file for STMicroelectronics.X-CUBE-AZRTOS-L5.2.0.0
2024-09-19 05:12:26,922 [WARN] PackLoader:240 - Cannot read IP mode file for STMicroelectronics.X-CUBE-NFC6.3.1.0
2024-09-19 05:12:26,958 [WARN] PackLoader:240 - Cannot read IP mode file for STMicroelectronics.X-CUBE-DPower.1.2.0
2024-09-19 05:12:27,017 [WARN] PackLoader:240 - Cannot read IP mode file for STMicroelectronics.X-CUBE-AI.9.0.0
2024-09-19 05:12:27,047 [WARN] PackLoader:240 - Cannot read IP mode file for STMicroelectronics.X-CUBE-NFC7.1.0.1
2024-09-19 05:12:27,062 [WARN] PackLoader:240 - Cannot read IP mode file for wolfSSL.I-CUBE-wolfTPM.3.2.0
2024-09-19 05:12:27,140 [WARN] ConditionMgr:438 - getConditionDescription Invalid condition id : LAN8742 Phy interface Condition cause : null
2024-09-19 05:12:27,141 [WARN] PackLoader:240 - Cannot read IP mode file for STMicroelectronics.X-CUBE-AZRTOS-L4.2.0.0
2024-09-19 05:12:27,142 [WARN] ConditionMgr:1039 - genDependencies : Invalid condition id : LAN8742 Phy interface Condition cause : null
2024-09-19 05:12:27,143 [WARN] ConditionMgr:1039 - genDependencies : Invalid condition id : LAN8742 Phy interface Condition cause : null
2024-09-19 05:12:27,144 [WARN] ConditionMgr:1039 - genDependencies : Invalid condition id : LAN8742 Phy interface Condition cause : null
2024-09-19 05:12:27,172 [WARN] PackLoader:240 - Cannot read IP mode file for STMicroelectronics.X-CUBE-SFXS2LP1.4.0.0
2024-09-19 05:12:27,230 [WARN] PackLoader:240 - Cannot read IP mode file for STMicroelectronics.X-CUBE-AZRTOS-H7.3.3.0
2024-09-19 05:12:27,286 [WARN] ConditionMgr:438 - getConditionDescription Invalid condition id : UX DEVICE CLASS RTOS Condition cause : null
2024-09-19 05:12:27,286 [WARN] ConditionMgr:438 - getConditionDescription Invalid condition id : UX DEVICE CLASS RTOS Condition cause : null
2024-09-19 05:12:27,289 [WARN] PackLoader:240 - Cannot read IP mode file for STMicroelectronics.X-CUBE-AZRTOS-WB.2.0.0
2024-09-19 05:12:27,290 [WARN] ConditionMgr:1039 - genDependencies : Invalid condition id : UX DEVICE CLASS RTOS Condition cause : null
2024-09-19 05:12:27,290 [WARN] ConditionMgr:1039 - genDependencies : Invalid condition id : UX DEVICE CLASS RTOS Condition cause : null
2024-09-19 05:12:27,290 [WARN] ConditionMgr:1039 - genDependencies : Invalid condition id : UX DEVICE CLASS RTOS Condition cause : null
2024-09-19 05:12:27,291 [WARN] ConditionMgr:1039 - genDependencies : Invalid condition id : UX DEVICE CLASS RTOS Condition cause : null
2024-09-19 05:12:27,291 [WARN] ConditionMgr:1039 - genDependencies : Invalid condition id : UX DEVICE CLASS RTOS Condition cause : null
2024-09-19 05:12:27,317 [WARN] PackLoader:240 - Cannot read IP mode file for STMicroelectronics.X-CUBE-GNSS1.7.0.0
2024-09-19 05:12:27,411 [WARN] PackLoader:240 - Cannot read IP mode file for STMicroelectronics.FP-SNS-STBOX1.2.0.0
2024-09-19 05:12:27,460 [WARN] PackLoader:240 - Cannot read IP mode file for STMicroelectronics.X-CUBE-SUBG2.5.0.0
2024-09-19 05:12:27,477 [WARN] PackLoader:240 - Cannot read IP mode file for Cesanta.I-CUBE-Mongoose.7.13.0
2024-09-19 05:12:27,555 [WARN] PackLoader:240 - Cannot read IP mode file for STMicroelectronics.X-CUBE-AZRTOS-G4.2.0.0
2024-09-19 05:12:27,601 [WARN] PackLoader:240 - Cannot read IP mode file for STMicroelectronics.X-CUBE-ISPU.2.0.0
2024-09-19 05:12:27,620 [WARN] PackLoader:240 - Cannot read IP mode file for STMicroelectronics.X-CUBE-ALS.1.0.2
2024-09-19 05:12:27,683 [WARN] PackLoader:240 - Cannot read IP mode file for STMicroelectronics.X-CUBE-MEMS1.10.0.0
2024-09-19 05:12:27,863 [WARN] PackLoader:240 - Cannot read IP mode file for STMicroelectronics.X-CUBE-TOUCHGFX.4.24.0
2024-09-19 05:12:28,063 [WARN] PackLoader:240 - Cannot read IP mode file for portGmbH.I-Cube-SoM-uGOAL.1.1.0
2024-09-19 05:12:28,136 [WARN] PackLoader:240 - Cannot read IP mode file for STMicroelectronics.X-CUBE-AZRTOS-H7RS.1.0.0
2024-09-19 05:12:28,155 [WARN] PackLoader:240 - Cannot read IP mode file for STMicroelectronics.FP-ATR-ASTRA1.2.0.0
2024-09-19 05:12:28,216 [WARN] PackLoader:240 - Cannot read IP mode file for STMicroelectronics.X-CUBE-TOF1.3.4.2
2024-09-19 05:12:28,323 [WARN] PackLoader:240 - Cannot read IP mode file for STMicroelectronics.X-CUBE-AZRTOS-H7.3.2.0
2024-09-19 05:12:28,378 [WARN] PackLoader:240 - Cannot read IP mode file for Infineon.AIROC-Wi-Fi-Bluetooth-STM32.1.6.0
2024-09-19 05:12:28,403 [WARN] PackLoader:240 - Cannot read IP mode file for wolfSSL.I-CUBE-wolfSSH.1.4.17
2024-09-19 05:12:28,404 [INFO] ThirdParty:978 - Integrity check success = true
2024-09-19 05:12:28,404 [INFO] IntegrityCheckThread:100 - exiting critical section [integrity check]
2024-09-19 05:12:28,404 [INFO] IntegrityCheckThread:103 - End integrity checks thread
2024-09-19 05:42:08,739 [INFO] WebApp:388 - JxBrowser engine has been closed 
2024-09-19 07:00:42,820 [INFO] Activator:176 - 


2024-09-19 07:00:42,823 [INFO] Activator:177 - !SESSION log4j initialized
2024-09-19 07:00:47,512 [INFO] LogOutputStream:77 - [STDOUT_REDIRECT] 
2024-09-19 07:00:51,690 [INFO] ApplicationProperties:184 - Using Application install path: C:\ST\STM32CubeIDE_1.16.0\STM32CubeIDE\plugins\com.st.stm32cube.common.mx_6.12.0.202406281431
2024-09-19 07:00:51,717 [INFO] DbMcusXml:78 - Set database path to: C:\ST\STM32CubeIDE_1.16.0\STM32CubeIDE\plugins\com.st.stm32cube.common.mx_6.12.0.202406281431\\db\/mcu/
2024-09-19 07:00:51,717 [INFO] ApiDb:274 - Set plugin database path to: C:\ST\STM32CubeIDE_1.16.0\STM32CubeIDE\plugins\com.st.stm32cube.common.mx_6.12.0.202406281431\\db\/plugins/boardmanager/
2024-09-19 07:00:51,718 [WARN] ApiDb:259 - Overriding images path with different value:  => C:\ST\STM32CubeIDE_1.16.0\STM32CubeIDE\plugins\com.st.stm32cube.common.mx_6.12.0.202406281431\\db\/plugins/mcufinder/images/
2024-09-19 07:00:51,738 [INFO] ApiDb:250 - Set database path to: C:\Users\adamg\.stmcufinder\plugins\mcufinder//mcu/
2024-09-19 07:00:51,739 [INFO] DbMcusAds:125 - Set database path to: C:\Users\adamg\.stmcufinder\plugins\mcufinder//mcu/
2024-09-19 07:00:51,743 [INFO] CrossReferenceDbSqlite:203 - Set database path to: C:\Users\adamg\.stmcufinder\plugins\mcufinder//mcu/cs/
2024-09-19 07:00:51,902 [INFO] RulesReader:64 - Compatibility file has been processed (297 Rules)
2024-09-19 07:00:52,315 [INFO] DbMcusXml:78 - Set database path to: C:\ST\STM32CubeIDE_1.16.0\STM32CubeIDE\plugins\com.st.stm32cube.common.mx_6.12.0.202406281431\\db\/mcu/
2024-09-19 07:00:52,316 [INFO] ApiDb:274 - Set plugin database path to: C:\ST\STM32CubeIDE_1.16.0\STM32CubeIDE\plugins\com.st.stm32cube.common.mx_6.12.0.202406281431\\db\/plugins/boardmanager/
2024-09-19 07:00:52,316 [INFO] ApiDb:261 - Set plugin images path to: C:\ST\STM32CubeIDE_1.16.0\STM32CubeIDE\plugins\com.st.stm32cube.common.mx_6.12.0.202406281431\\db\/plugins/mcufinder/images/
2024-09-19 07:00:52,316 [WARN] DbFile:41 - Overriding database path with different value: C:\Users\adamg\.stmcufinder\plugins\mcufinder/ => C:\Users\adamg\.stmcufinder\plugins\mcufinder
2024-09-19 07:00:52,316 [INFO] ApiDb:250 - Set database path to: C:\Users\adamg\.stmcufinder\plugins\mcufinder//mcu/
2024-09-19 07:00:52,316 [WARN] DbFile:41 - Overriding database path with different value: C:\Users\adamg\.stmcufinder\plugins\mcufinder/ => C:\Users\adamg\.stmcufinder\plugins\mcufinder
2024-09-19 07:00:52,316 [INFO] DbMcusAds:125 - Set database path to: C:\Users\adamg\.stmcufinder\plugins\mcufinder//mcu/
2024-09-19 07:00:52,316 [WARN] DbFile:41 - Overriding database path with different value: C:\Users\adamg\.stmcufinder\plugins\mcufinder/ => C:\Users\adamg\.stmcufinder\plugins\mcufinder
2024-09-19 07:00:52,316 [WARN] DbFile:41 - Overriding database path with different value: C:\Users\adamg\.stmcufinder\plugins\mcufinder/ => C:\Users\adamg\.stmcufinder\plugins\mcufinder
2024-09-19 07:00:52,316 [INFO] CrossReferenceDbSqlite:203 - Set database path to: C:\Users\adamg\.stmcufinder\plugins\mcufinder//mcu/cs/
2024-09-19 07:00:52,596 [INFO] MainPanel:268 - HeapMemory: 268435456
2024-09-19 07:00:52,809 [INFO] DbMcusXml:78 - Set database path to: C:\ST\STM32CubeIDE_1.16.0\STM32CubeIDE\plugins\com.st.stm32cube.common.mx_6.12.0.202406281431\\db\/mcu/
2024-09-19 07:00:52,809 [INFO] ApiDb:274 - Set plugin database path to: C:\ST\STM32CubeIDE_1.16.0\STM32CubeIDE\plugins\com.st.stm32cube.common.mx_6.12.0.202406281431\\db\/plugins/boardmanager/
2024-09-19 07:00:52,809 [INFO] ApiDb:261 - Set plugin images path to: C:\ST\STM32CubeIDE_1.16.0\STM32CubeIDE\plugins\com.st.stm32cube.common.mx_6.12.0.202406281431\\db\/plugins/mcufinder/images/
2024-09-19 07:00:52,810 [WARN] DbFile:41 - Overriding database path with different value: C:\Users\adamg\.stmcufinder\plugins\mcufinder/ => C:\Users\adamg\.stmcufinder\plugins\mcufinder
2024-09-19 07:00:52,810 [INFO] ApiDb:250 - Set database path to: C:\Users\adamg\.stmcufinder\plugins\mcufinder//mcu/
2024-09-19 07:00:52,810 [WARN] DbFile:41 - Overriding database path with different value: C:\Users\adamg\.stmcufinder\plugins\mcufinder/ => C:\Users\adamg\.stmcufinder\plugins\mcufinder
2024-09-19 07:00:52,810 [INFO] DbMcusAds:125 - Set database path to: C:\Users\adamg\.stmcufinder\plugins\mcufinder//mcu/
2024-09-19 07:00:52,810 [WARN] DbFile:41 - Overriding database path with different value: C:\Users\adamg\.stmcufinder\plugins\mcufinder/ => C:\Users\adamg\.stmcufinder\plugins\mcufinder
2024-09-19 07:00:52,810 [WARN] DbFile:41 - Overriding database path with different value: C:\Users\adamg\.stmcufinder\plugins\mcufinder/ => C:\Users\adamg\.stmcufinder\plugins\mcufinder
2024-09-19 07:00:52,810 [INFO] CrossReferenceDbSqlite:203 - Set database path to: C:\Users\adamg\.stmcufinder\plugins\mcufinder//mcu/cs/
2024-09-19 07:00:52,839 [INFO] ApplicationProperties:184 - Using Application install path: C:\ST\STM32CubeIDE_1.16.0\STM32CubeIDE\plugins\com.st.stm32cube.common.mx_6.12.0.202406281431
2024-09-19 07:00:52,840 [INFO] PluginManage:196 - Search for loadable plugins [exclusion list=, ]
2024-09-19 07:00:52,843 [INFO] PluginManage:310 - Check plugin analytics
2024-09-19 07:00:53,113 [INFO] AnalyticsPlugin:253 - Accepted Software Licenses: STM32CubeMX.6.12.0
2024-09-19 07:00:53,115 [INFO] AnalyticsPlugin:255 - Accepted CMSIS Pack Licenses: 
2024-09-19 07:00:53,115 [INFO] AnalyticsPlugin:257 - Accepted Firmware Licenses: 
2024-09-19 07:00:53,119 [INFO] PluginManage:359 - Loaded plugin analytics (category:tool,tabindex:-1)
2024-09-19 07:00:53,120 [INFO] PluginManage:310 - Check plugin cadmodel
2024-09-19 07:00:53,135 [INFO] CADModel:105 - Init CAD model plugin
2024-09-19 07:00:53,136 [INFO] PluginManage:359 - Loaded plugin cadmodel (category:power,tabindex:5)
2024-09-19 07:00:53,137 [INFO] PluginManage:310 - Check plugin clock
2024-09-19 07:00:53,155 [INFO] PluginManage:359 - Loaded plugin clock (category:base,tabindex:2)
2024-09-19 07:00:53,156 [INFO] PluginManage:310 - Check plugin ddr
2024-09-19 07:00:53,160 [INFO] PluginManage:359 - Loaded plugin ddr (category:tool,tabindex:6)
2024-09-19 07:00:53,160 [INFO] PluginManage:310 - Check plugin filemanager
2024-09-19 07:00:53,391 [INFO] PluginManage:359 - Loaded plugin filemanager (category:base,tabindex:10)
2024-09-19 07:00:53,391 [INFO] PluginManage:310 - Check plugin ipmanager
2024-09-19 07:00:53,412 [INFO] PluginManage:359 - Loaded plugin ipmanager (category:base,tabindex:5)
2024-09-19 07:00:53,412 [INFO] PluginManage:310 - Check plugin lpbam
2024-09-19 07:00:53,423 [INFO] PluginManage:359 - Loaded plugin lpbam (category:base,tabindex:0)
2024-09-19 07:00:53,423 [INFO] PluginManage:310 - Check plugin memorymap
2024-09-19 07:00:53,444 [INFO] PluginManage:359 - Loaded plugin memorymap (category:base,tabindex:4)
2024-09-19 07:00:53,444 [INFO] PluginManage:310 - Check plugin pinoutandconfiguration
2024-09-19 07:00:53,457 [INFO] PluginManage:359 - Loaded plugin pinoutandconfiguration (category:base,tabindex:1)
2024-09-19 07:00:53,457 [INFO] PluginManage:310 - Check plugin pinoutconfig
2024-09-19 07:00:53,594 [WARN] SupportedApi:132 - Cannot load RTOS API schema: s4s-elt-must-match.1: The content of 'definitions' must match (annotation?, (simpleType | complexType)?, (unique | key | keyref)*)). A problem was found starting at: attribute.
2024-09-19 07:00:53,787 [INFO] PluginManage:359 - Loaded plugin pinoutconfig (category:base,tabindex:0)
2024-09-19 07:00:53,787 [INFO] PluginManage:310 - Check plugin power
2024-09-19 07:00:53,800 [INFO] PluginManage:359 - Loaded plugin power (category:power,tabindex:4)
2024-09-19 07:00:53,801 [INFO] PluginManage:310 - Check plugin projectmanager
2024-09-19 07:00:53,820 [INFO] PluginManage:359 - Loaded plugin projectmanager (category:projectmanager,tabindex:4)
2024-09-19 07:00:53,821 [INFO] PluginManage:310 - Check plugin rif
2024-09-19 07:00:53,831 [INFO] PluginManage:359 - Loaded plugin rif (category:base,tabindex:3)
2024-09-19 07:00:53,831 [INFO] PluginManage:310 - Check plugin thirdparty
2024-09-19 07:00:54,074 [INFO] PluginManage:359 - Loaded plugin thirdparty (category:base,tabindex:-1)
2024-09-19 07:00:54,074 [INFO] PluginManage:310 - Check plugin tools
2024-09-19 07:00:54,074 [WARN] IntegrityCheckThread:84 - waiting for thirdparty lock release [integrity check]
2024-09-19 07:00:54,075 [INFO] IntegrityCheckThread:86 - entering critical section [integrity check]
2024-09-19 07:00:54,076 [INFO] ThirdPartyUpdaterWithRetryManager:70 - Updater plugin not ready yet. [1/15]
2024-09-19 07:00:54,078 [INFO] PluginManage:359 - Loaded plugin tools (category:base,tabindex:7)
2024-09-19 07:00:54,078 [INFO] PluginManage:310 - Check plugin tutovideos
2024-09-19 07:00:54,361 [INFO] PluginManage:359 - Loaded plugin tutovideos (category:base,tabindex:-1)
2024-09-19 07:00:54,361 [INFO] PluginManage:310 - Check plugin updater
2024-09-19 07:00:54,385 [INFO] PluginManage:359 - Loaded plugin updater (category:base,tabindex:12)
2024-09-19 07:00:54,385 [INFO] PluginManage:310 - Check plugin userauth
2024-09-19 07:00:54,394 [INFO] UserAuth:113 - Init User Auth plugin
2024-09-19 07:00:54,394 [INFO] PluginManage:359 - Loaded plugin userauth (category:base,tabindex:14)
2024-09-19 07:00:54,395 [INFO] PluginManage:283 - PluginManage : Loaded plugins [18]
2024-09-19 07:00:55,275 [INFO] PinOutPanel:1561 - setPackage(No Configuration,No Configuration)
2024-09-19 07:00:56,952 [INFO] CADModel:165 - CPN selected for project level
2024-09-19 07:00:56,952 [INFO] CADModel:114 - Register for checkConnection events
2024-09-19 07:00:57,147 [INFO] ThirdPartyUpdaterWithRetryManager:70 - Updater plugin not ready yet. [2/15]
2024-09-19 07:00:57,359 [INFO] IPUIPlugin:80 - create IPUIPlugin
2024-09-19 07:00:57,359 [INFO] PluginManager:220 - loadIPPluginJar : add adc
2024-09-19 07:00:57,368 [INFO] IPUIPlugin:80 - create IPUIPlugin
2024-09-19 07:00:57,369 [INFO] PluginManager:220 - loadIPPluginJar : add aes
2024-09-19 07:00:57,381 [INFO] IPUIPlugin:80 - create IPUIPlugin
2024-09-19 07:00:57,382 [INFO] PluginManager:220 - loadIPPluginJar : add can
2024-09-19 07:00:57,386 [INFO] IPUIPlugin:80 - create IPUIPlugin
2024-09-19 07:00:57,387 [INFO] PluginManager:220 - loadIPPluginJar : add comp
2024-09-19 07:00:57,453 [INFO] IPUIPlugin:80 - create IPUIPlugin
2024-09-19 07:00:57,454 [INFO] PluginManager:220 - loadIPPluginJar : add cryp
2024-09-19 07:00:57,588 [INFO] IPUIPlugin:80 - create IPUIPlugin
2024-09-19 07:00:57,588 [INFO] PluginManager:220 - loadIPPluginJar : add ddr_ctrl_phy
2024-09-19 07:00:58,156 [INFO] IPUIPlugin:80 - create IPUIPlugin
2024-09-19 07:00:58,156 [INFO] PluginManager:220 - loadIPPluginJar : add dfsdm
2024-09-19 07:00:58,167 [INFO] IPUIPlugin:80 - create IPUIPlugin
2024-09-19 07:00:58,168 [INFO] PluginManager:220 - loadIPPluginJar : add dma
2024-09-19 07:00:58,172 [INFO] IPUIPlugin:80 - create IPUIPlugin
2024-09-19 07:00:58,173 [INFO] PluginManager:220 - loadIPPluginJar : add dma3
2024-09-19 07:00:58,177 [INFO] IPUIPlugin:80 - create IPUIPlugin
2024-09-19 07:00:58,178 [INFO] PluginManager:220 - loadIPPluginJar : add extmemmanager
2024-09-19 07:00:58,180 [INFO] IPUIPlugin:80 - create IPUIPlugin
2024-09-19 07:00:58,180 [INFO] PluginManager:220 - loadIPPluginJar : add fatfs
2024-09-19 07:00:58,188 [INFO] IPUIPlugin:80 - create IPUIPlugin
2024-09-19 07:00:58,189 [INFO] PluginManager:220 - loadIPPluginJar : add fmc
2024-09-19 07:00:58,366 [INFO] IPUIPlugin:80 - create IPUIPlugin
2024-09-19 07:00:58,367 [INFO] PluginManager:220 - loadIPPluginJar : add freertos
2024-09-19 07:00:58,369 [INFO] IPUIPlugin:80 - create IPUIPlugin
2024-09-19 07:00:58,369 [INFO] PluginManager:220 - loadIPPluginJar : add genericplugin
2024-09-19 07:00:58,373 [INFO] IPUIPlugin:80 - create IPUIPlugin
2024-09-19 07:00:58,373 [INFO] PluginManager:220 - loadIPPluginJar : add gfxmmu
2024-09-19 07:00:58,380 [INFO] IPUIPlugin:80 - create IPUIPlugin
2024-09-19 07:00:58,380 [INFO] PluginManager:220 - loadIPPluginJar : add gic
2024-09-19 07:00:58,388 [INFO] IPUIPlugin:80 - create IPUIPlugin
2024-09-19 07:00:58,389 [INFO] PluginManager:220 - loadIPPluginJar : add gpio
2024-09-19 07:00:58,393 [INFO] IPUIPlugin:80 - create IPUIPlugin
2024-09-19 07:00:58,393 [INFO] PluginManager:220 - loadIPPluginJar : add gtzc
2024-09-19 07:00:58,397 [INFO] IPUIPlugin:80 - create IPUIPlugin
2024-09-19 07:00:58,397 [INFO] PluginManager:220 - loadIPPluginJar : add hash
2024-09-19 07:00:58,483 [INFO] IPUIPlugin:80 - create IPUIPlugin
2024-09-19 07:00:58,483 [INFO] PluginManager:220 - loadIPPluginJar : add i2c
2024-09-19 07:00:58,593 [INFO] IPUIPlugin:80 - create IPUIPlugin
2024-09-19 07:00:58,593 [INFO] PluginManager:220 - loadIPPluginJar : add i2s
2024-09-19 07:00:58,598 [INFO] IPUIPlugin:80 - create IPUIPlugin
2024-09-19 07:00:58,598 [INFO] PluginManager:220 - loadIPPluginJar : add i3c
2024-09-19 07:00:58,603 [INFO] IPUIPlugin:80 - create IPUIPlugin
2024-09-19 07:00:58,603 [INFO] PluginManager:220 - loadIPPluginJar : add ipddr
2024-09-19 07:00:58,614 [INFO] IPUIPlugin:80 - create IPUIPlugin
2024-09-19 07:00:58,614 [INFO] PluginManager:220 - loadIPPluginJar : add linkedlist
2024-09-19 07:00:58,619 [INFO] IPUIPlugin:80 - create IPUIPlugin
2024-09-19 07:00:58,619 [INFO] PluginManager:220 - loadIPPluginJar : add lorawan
2024-09-19 07:00:58,622 [INFO] IPUIPlugin:80 - create IPUIPlugin
2024-09-19 07:00:58,622 [INFO] PluginManager:220 - loadIPPluginJar : add ltdc
2024-09-19 07:00:58,630 [INFO] IPUIPlugin:80 - create IPUIPlugin
2024-09-19 07:00:58,630 [INFO] PluginManager:220 - loadIPPluginJar : add mdma
2024-09-19 07:00:59,480 [INFO] IPUIPlugin:80 - create IPUIPlugin
2024-09-19 07:00:59,480 [INFO] PluginManager:220 - loadIPPluginJar : add nvic
2024-09-19 07:00:59,491 [INFO] IPUIPlugin:80 - create IPUIPlugin
2024-09-19 07:00:59,491 [INFO] PluginManager:220 - loadIPPluginJar : add opamp
2024-09-19 07:00:59,497 [INFO] IPUIPlugin:80 - create IPUIPlugin
2024-09-19 07:00:59,497 [INFO] PluginManager:220 - loadIPPluginJar : add openamp
2024-09-19 07:00:59,504 [INFO] IPUIPlugin:80 - create IPUIPlugin
2024-09-19 07:00:59,504 [INFO] PluginManager:220 - loadIPPluginJar : add pdm2pcm
2024-09-19 07:00:59,513 [INFO] IPUIPlugin:80 - create IPUIPlugin
2024-09-19 07:00:59,517 [INFO] PluginManager:220 - loadIPPluginJar : add plateformsettings
2024-09-19 07:00:59,616 [INFO] IPUIPlugin:80 - create IPUIPlugin
2024-09-19 07:00:59,617 [INFO] PluginManager:220 - loadIPPluginJar : add quadspi
2024-09-19 07:00:59,620 [INFO] IPUIPlugin:80 - create IPUIPlugin
2024-09-19 07:00:59,622 [INFO] PluginManager:220 - loadIPPluginJar : add radio
2024-09-19 07:00:59,629 [INFO] IPUIPlugin:80 - create IPUIPlugin
2024-09-19 07:00:59,630 [INFO] PluginManager:220 - loadIPPluginJar : add resmgrutility
2024-09-19 07:00:59,635 [INFO] IPUIPlugin:80 - create IPUIPlugin
2024-09-19 07:00:59,636 [INFO] PluginManager:220 - loadIPPluginJar : add sai
2024-09-19 07:00:59,640 [INFO] IPUIPlugin:80 - create IPUIPlugin
2024-09-19 07:00:59,640 [INFO] PluginManager:220 - loadIPPluginJar : add spi
2024-09-19 07:00:59,647 [INFO] IPUIPlugin:80 - create IPUIPlugin
2024-09-19 07:00:59,648 [INFO] PluginManager:220 - loadIPPluginJar : add stm32_wpan
2024-09-19 07:00:59,651 [INFO] IPUIPlugin:80 - create IPUIPlugin
2024-09-19 07:00:59,651 [INFO] PluginManager:220 - loadIPPluginJar : add tim
2024-09-19 07:00:59,716 [INFO] IPUIPlugin:80 - create IPUIPlugin
2024-09-19 07:00:59,717 [INFO] PluginManager:220 - loadIPPluginJar : add touchsensing
2024-09-19 07:00:59,725 [INFO] IPUIPlugin:80 - create IPUIPlugin
2024-09-19 07:00:59,726 [INFO] PluginManager:220 - loadIPPluginJar : add tracer_emb
2024-09-19 07:00:59,729 [INFO] IPUIPlugin:80 - create IPUIPlugin
2024-09-19 07:00:59,729 [INFO] PluginManager:220 - loadIPPluginJar : add ts
2024-09-19 07:00:59,780 [INFO] IPUIPlugin:80 - create IPUIPlugin
2024-09-19 07:00:59,781 [INFO] PluginManager:220 - loadIPPluginJar : add tsc
2024-09-19 07:00:59,789 [INFO] IPUIPlugin:80 - create IPUIPlugin
2024-09-19 07:00:59,789 [INFO] PluginManager:220 - loadIPPluginJar : add ucpd
2024-09-19 07:00:59,818 [INFO] IPUIPlugin:80 - create IPUIPlugin
2024-09-19 07:00:59,819 [INFO] PluginManager:220 - loadIPPluginJar : add usart
2024-09-19 07:00:59,826 [INFO] IPUIPlugin:80 - create IPUIPlugin
2024-09-19 07:00:59,826 [INFO] PluginManager:220 - loadIPPluginJar : add usbx
2024-09-19 07:01:00,230 [INFO] ThirdPartyUpdaterWithRetryManager:70 - Updater plugin not ready yet. [3/15]
2024-09-19 07:01:03,340 [INFO] ThirdPartyUpdaterWithRetryManager:70 - Updater plugin not ready yet. [4/15]
2024-09-19 07:01:04,106 [INFO] CADModel:165 - CPN selected for project level
2024-09-19 07:01:04,106 [INFO] CADModel:114 - Register for checkConnection events
2024-09-19 07:01:04,106 [FATAL] Updater:334 - Updater called before beeing initialized
2024-09-19 07:01:04,106 [ERROR] CADModel:125 - Updater not yet initialized, retry later 
2024-09-19 07:01:04,591 [INFO] CADModel:165 - CPN selected for project level
2024-09-19 07:01:04,591 [INFO] CADModel:114 - Register for checkConnection events
2024-09-19 07:01:04,591 [FATAL] Updater:334 - Updater called before beeing initialized
2024-09-19 07:01:04,591 [ERROR] CADModel:125 - Updater not yet initialized, retry later 
2024-09-19 07:01:04,606 [FATAL] Updater:334 - Updater called before beeing initialized
2024-09-19 07:01:06,432 [FATAL] Updater:334 - Updater called before beeing initialized
2024-09-19 07:01:06,432 [ERROR] IntegrityCheckThread:130 - Cannot retrieve database content from updater: error 21
2024-09-19 07:01:06,432 [INFO] ThirdParty:978 - Integrity check success = false
2024-09-19 07:01:06,432 [INFO] IntegrityCheckThread:100 - exiting critical section [integrity check]
2024-09-19 07:01:06,432 [INFO] IntegrityCheckThread:103 - End integrity checks thread
2024-09-19 07:01:07,137 [FATAL] Updater:334 - Updater called before beeing initialized
2024-09-19 07:01:07,137 [INFO] DbMcusAds:53 - JSON generation date=Thu May 16 11:22:00 CEST 2024 (1715851320667)
2024-09-19 07:01:07,137 [FATAL] Updater:334 - Updater called before beeing initialized
2024-09-19 07:01:07,248 [WARN] DetailPanel:346 - Failed to get advertising image, set to default
2024-09-19 07:01:07,620 [FATAL] Updater:334 - Updater called before beeing initialized
2024-09-19 07:01:07,630 [FATAL] Updater:334 - Updater called before beeing initialized
2024-09-19 07:01:07,630 [FATAL] Updater:334 - Updater called before beeing initialized
2024-09-19 07:01:07,630 [WARN] DetailPanel:346 - Failed to get advertising image, set to default
2024-09-19 07:01:07,630 [FATAL] Updater:334 - Updater called before beeing initialized
2024-09-19 07:01:07,741 [ERROR] Updater:1164 - MainUpdater not yet initialized. External WinMGr cannot be set.
2024-09-19 07:01:07,751 [INFO] Updater:1100 - Updater Version found : 6.12.0
2024-09-19 07:01:07,805 [INFO] ApplicationProperties:184 - Using Application install path: C:\ST\STM32CubeIDE_1.16.0\STM32CubeIDE\plugins\com.st.stm32cube.common.mx_6.12.0.202406281431
2024-09-19 07:01:08,429 [INFO] MainUpdater:2873 - connection check result : 10
2024-09-19 07:01:08,429 [INFO] MainUpdater:290 - Updater Check For Update Now.
2024-09-19 07:01:08,429 [INFO] MicroXplorer:498 - Change Database Version : DB.6.0.120
2024-09-19 07:01:08,435 [INFO] McuFinderGlobals:63 - Set McuFinder mode to 2 (CubeIDE integrated)
2024-09-19 07:01:08,435 [INFO] UserAuth:179 - activating auth plugin
2024-09-19 07:01:08,445 [INFO] UserAuth:417 - Internet connection configuration mode: 1
2024-09-19 07:01:08,476 [INFO] JxBrowserEngine:152 - Initiate JxBrowser Engine with user profile folder
2024-09-19 07:01:08,827 [INFO] CheckServerUpdateThread:120 - End of CheckServer Thread
2024-09-19 07:01:23,834 [INFO] WebApp:167 - Instantiating new browser for Auth
2024-09-19 07:01:26,607 [INFO] WebApp:448 - Apply proxy settings
2024-09-19 07:01:26,608 [INFO] WebApp:533 - Chromium requires no authentication
2024-09-19 07:01:26,624 [INFO] WebApp:476 - Direct internet connection detected
2024-09-19 07:01:26,791 [INFO] WebApp:869 - Register for checkConnection events
2024-09-19 07:01:26,791 [INFO] WebApp:448 - Apply proxy settings
2024-09-19 07:01:26,791 [INFO] WebApp:533 - Chromium requires no authentication
2024-09-19 07:01:26,792 [INFO] WebApp:476 - Direct internet connection detected
2024-09-19 07:01:27,272 [INFO] WebApp:220 - Starting web application
2024-09-19 07:01:27,273 [INFO] WebApp:578 - Web application path used C:\ST\STM32CubeIDE_1.16.0\STM32CubeIDE\plugins\com.st.stm32cube.common.mx_6.12.0.202406281431\db\plugins\mcufinder\reactClient1\index.html
2024-09-19 07:01:28,312 [INFO] WebApp:186 - Connection restablished
2024-09-19 07:02:08,033 [INFO] WebApp:189 - Connection lost
2024-09-19 07:02:08,318 [INFO] WebApp:186 - Connection restablished
2024-09-19 07:07:41,926 [INFO] WebApp:189 - Connection lost
2024-09-19 07:07:42,179 [INFO] WebApp:186 - Connection restablished
2024-09-19 07:25:59,554 [INFO] WebApp:189 - Connection lost
2024-09-19 07:25:59,955 [INFO] WebApp:186 - Connection restablished
2024-09-19 07:28:38,896 [INFO] WebApp:189 - Connection lost
2024-09-19 07:28:39,130 [INFO] WebApp:186 - Connection restablished
2024-09-19 07:34:30,050 [INFO] WebApp:189 - Connection lost
2024-09-19 07:34:30,255 [INFO] WebApp:186 - Connection restablished
2024-09-19 07:35:49,336 [ERROR] LogOutputStream:75 - [STDERR_REDIRECT] 
2024-09-19 07:36:04,962 [INFO] Activator:176 - 


2024-09-19 07:36:04,965 [INFO] Activator:177 - !SESSION log4j initialized
2024-09-19 07:36:14,811 [INFO] LogOutputStream:77 - [STDOUT_REDIRECT] 
2024-09-19 07:36:17,699 [INFO] ApplicationProperties:184 - Using Application install path: C:\ST\STM32CubeIDE_1.16.0\STM32CubeIDE\plugins\com.st.stm32cube.common.mx_6.12.0.202406281431
2024-09-19 07:36:17,732 [INFO] DbMcusXml:78 - Set database path to: C:\ST\STM32CubeIDE_1.16.0\STM32CubeIDE\plugins\com.st.stm32cube.common.mx_6.12.0.202406281431\\db\/mcu/
2024-09-19 07:36:17,733 [INFO] ApiDb:274 - Set plugin database path to: C:\ST\STM32CubeIDE_1.16.0\STM32CubeIDE\plugins\com.st.stm32cube.common.mx_6.12.0.202406281431\\db\/plugins/boardmanager/
2024-09-19 07:36:17,733 [WARN] ApiDb:259 - Overriding images path with different value:  => C:\ST\STM32CubeIDE_1.16.0\STM32CubeIDE\plugins\com.st.stm32cube.common.mx_6.12.0.202406281431\\db\/plugins/mcufinder/images/
2024-09-19 07:36:17,752 [INFO] ApiDb:250 - Set database path to: C:\Users\adamg\.stmcufinder\plugins\mcufinder//mcu/
2024-09-19 07:36:17,755 [INFO] DbMcusAds:125 - Set database path to: C:\Users\adamg\.stmcufinder\plugins\mcufinder//mcu/
2024-09-19 07:36:17,760 [INFO] CrossReferenceDbSqlite:203 - Set database path to: C:\Users\adamg\.stmcufinder\plugins\mcufinder//mcu/cs/
2024-09-19 07:36:18,033 [INFO] RulesReader:64 - Compatibility file has been processed (297 Rules)
2024-09-19 07:36:18,213 [INFO] DbMcusXml:78 - Set database path to: C:\ST\STM32CubeIDE_1.16.0\STM32CubeIDE\plugins\com.st.stm32cube.common.mx_6.12.0.202406281431\\db\/mcu/
2024-09-19 07:36:18,213 [INFO] ApiDb:274 - Set plugin database path to: C:\ST\STM32CubeIDE_1.16.0\STM32CubeIDE\plugins\com.st.stm32cube.common.mx_6.12.0.202406281431\\db\/plugins/boardmanager/
2024-09-19 07:36:18,214 [INFO] ApiDb:261 - Set plugin images path to: C:\ST\STM32CubeIDE_1.16.0\STM32CubeIDE\plugins\com.st.stm32cube.common.mx_6.12.0.202406281431\\db\/plugins/mcufinder/images/
2024-09-19 07:36:18,215 [WARN] DbFile:41 - Overriding database path with different value: C:\Users\adamg\.stmcufinder\plugins\mcufinder/ => C:\Users\adamg\.stmcufinder\plugins\mcufinder
2024-09-19 07:36:18,215 [INFO] ApiDb:250 - Set database path to: C:\Users\adamg\.stmcufinder\plugins\mcufinder//mcu/
2024-09-19 07:36:18,215 [WARN] DbFile:41 - Overriding database path with different value: C:\Users\adamg\.stmcufinder\plugins\mcufinder/ => C:\Users\adamg\.stmcufinder\plugins\mcufinder
2024-09-19 07:36:18,215 [INFO] DbMcusAds:125 - Set database path to: C:\Users\adamg\.stmcufinder\plugins\mcufinder//mcu/
2024-09-19 07:36:18,215 [WARN] DbFile:41 - Overriding database path with different value: C:\Users\adamg\.stmcufinder\plugins\mcufinder/ => C:\Users\adamg\.stmcufinder\plugins\mcufinder
2024-09-19 07:36:18,215 [WARN] DbFile:41 - Overriding database path with different value: C:\Users\adamg\.stmcufinder\plugins\mcufinder/ => C:\Users\adamg\.stmcufinder\plugins\mcufinder
2024-09-19 07:36:18,216 [INFO] CrossReferenceDbSqlite:203 - Set database path to: C:\Users\adamg\.stmcufinder\plugins\mcufinder//mcu/cs/
2024-09-19 07:36:18,389 [INFO] MainPanel:268 - HeapMemory: 268435456
2024-09-19 07:36:18,560 [INFO] DbMcusXml:78 - Set database path to: C:\ST\STM32CubeIDE_1.16.0\STM32CubeIDE\plugins\com.st.stm32cube.common.mx_6.12.0.202406281431\\db\/mcu/
2024-09-19 07:36:18,560 [INFO] ApiDb:274 - Set plugin database path to: C:\ST\STM32CubeIDE_1.16.0\STM32CubeIDE\plugins\com.st.stm32cube.common.mx_6.12.0.202406281431\\db\/plugins/boardmanager/
2024-09-19 07:36:18,560 [INFO] ApiDb:261 - Set plugin images path to: C:\ST\STM32CubeIDE_1.16.0\STM32CubeIDE\plugins\com.st.stm32cube.common.mx_6.12.0.202406281431\\db\/plugins/mcufinder/images/
2024-09-19 07:36:18,561 [WARN] DbFile:41 - Overriding database path with different value: C:\Users\adamg\.stmcufinder\plugins\mcufinder/ => C:\Users\adamg\.stmcufinder\plugins\mcufinder
2024-09-19 07:36:18,561 [INFO] ApiDb:250 - Set database path to: C:\Users\adamg\.stmcufinder\plugins\mcufinder//mcu/
2024-09-19 07:36:18,561 [WARN] DbFile:41 - Overriding database path with different value: C:\Users\adamg\.stmcufinder\plugins\mcufinder/ => C:\Users\adamg\.stmcufinder\plugins\mcufinder
2024-09-19 07:36:18,561 [INFO] DbMcusAds:125 - Set database path to: C:\Users\adamg\.stmcufinder\plugins\mcufinder//mcu/
2024-09-19 07:36:18,562 [WARN] DbFile:41 - Overriding database path with different value: C:\Users\adamg\.stmcufinder\plugins\mcufinder/ => C:\Users\adamg\.stmcufinder\plugins\mcufinder
2024-09-19 07:36:18,562 [WARN] DbFile:41 - Overriding database path with different value: C:\Users\adamg\.stmcufinder\plugins\mcufinder/ => C:\Users\adamg\.stmcufinder\plugins\mcufinder
2024-09-19 07:36:18,562 [INFO] CrossReferenceDbSqlite:203 - Set database path to: C:\Users\adamg\.stmcufinder\plugins\mcufinder//mcu/cs/
2024-09-19 07:36:18,604 [INFO] ApplicationProperties:184 - Using Application install path: C:\ST\STM32CubeIDE_1.16.0\STM32CubeIDE\plugins\com.st.stm32cube.common.mx_6.12.0.202406281431
2024-09-19 07:36:18,608 [INFO] PluginManage:196 - Search for loadable plugins [exclusion list=, ]
2024-09-19 07:36:18,611 [INFO] PluginManage:310 - Check plugin analytics
2024-09-19 07:36:18,901 [INFO] AnalyticsPlugin:253 - Accepted Software Licenses: STM32CubeMX.6.12.0
2024-09-19 07:36:18,901 [INFO] AnalyticsPlugin:255 - Accepted CMSIS Pack Licenses: 
2024-09-19 07:36:18,901 [INFO] AnalyticsPlugin:257 - Accepted Firmware Licenses: 
2024-09-19 07:36:18,906 [INFO] PluginManage:359 - Loaded plugin analytics (category:tool,tabindex:-1)
2024-09-19 07:36:18,908 [INFO] PluginManage:310 - Check plugin cadmodel
2024-09-19 07:36:18,919 [INFO] CADModel:105 - Init CAD model plugin
2024-09-19 07:36:18,919 [INFO] PluginManage:359 - Loaded plugin cadmodel (category:power,tabindex:5)
2024-09-19 07:36:18,919 [INFO] PluginManage:310 - Check plugin clock
2024-09-19 07:36:18,940 [INFO] PluginManage:359 - Loaded plugin clock (category:base,tabindex:2)
2024-09-19 07:36:18,941 [INFO] PluginManage:310 - Check plugin ddr
2024-09-19 07:36:18,945 [INFO] PluginManage:359 - Loaded plugin ddr (category:tool,tabindex:6)
2024-09-19 07:36:18,945 [INFO] PluginManage:310 - Check plugin filemanager
2024-09-19 07:36:19,181 [INFO] PluginManage:359 - Loaded plugin filemanager (category:base,tabindex:10)
2024-09-19 07:36:19,181 [INFO] PluginManage:310 - Check plugin ipmanager
2024-09-19 07:36:19,197 [INFO] PluginManage:359 - Loaded plugin ipmanager (category:base,tabindex:5)
2024-09-19 07:36:19,198 [INFO] PluginManage:310 - Check plugin lpbam
2024-09-19 07:36:19,211 [INFO] PluginManage:359 - Loaded plugin lpbam (category:base,tabindex:0)
2024-09-19 07:36:19,212 [INFO] PluginManage:310 - Check plugin memorymap
2024-09-19 07:36:19,231 [INFO] PluginManage:359 - Loaded plugin memorymap (category:base,tabindex:4)
2024-09-19 07:36:19,231 [INFO] PluginManage:310 - Check plugin pinoutandconfiguration
2024-09-19 07:36:19,243 [INFO] PluginManage:359 - Loaded plugin pinoutandconfiguration (category:base,tabindex:1)
2024-09-19 07:36:19,243 [INFO] PluginManage:310 - Check plugin pinoutconfig
2024-09-19 07:36:19,411 [WARN] SupportedApi:132 - Cannot load RTOS API schema: s4s-elt-must-match.1: The content of 'definitions' must match (annotation?, (simpleType | complexType)?, (unique | key | keyref)*)). A problem was found starting at: attribute.
2024-09-19 07:36:19,657 [INFO] PluginManage:359 - Loaded plugin pinoutconfig (category:base,tabindex:0)
2024-09-19 07:36:19,657 [INFO] PluginManage:310 - Check plugin power
2024-09-19 07:36:19,676 [INFO] PluginManage:359 - Loaded plugin power (category:power,tabindex:4)
2024-09-19 07:36:19,676 [INFO] PluginManage:310 - Check plugin projectmanager
2024-09-19 07:36:19,700 [INFO] PluginManage:359 - Loaded plugin projectmanager (category:projectmanager,tabindex:4)
2024-09-19 07:36:19,701 [INFO] PluginManage:310 - Check plugin rif
2024-09-19 07:36:19,709 [INFO] PluginManage:359 - Loaded plugin rif (category:base,tabindex:3)
2024-09-19 07:36:19,710 [INFO] PluginManage:310 - Check plugin thirdparty
2024-09-19 07:36:19,994 [INFO] PluginManage:359 - Loaded plugin thirdparty (category:base,tabindex:-1)
2024-09-19 07:36:19,995 [INFO] PluginManage:310 - Check plugin tools
2024-09-19 07:36:19,994 [WARN] IntegrityCheckThread:84 - waiting for thirdparty lock release [integrity check]
2024-09-19 07:36:19,996 [INFO] IntegrityCheckThread:86 - entering critical section [integrity check]
2024-09-19 07:36:19,998 [INFO] ThirdPartyUpdaterWithRetryManager:70 - Updater plugin not ready yet. [1/15]
2024-09-19 07:36:19,999 [INFO] PluginManage:359 - Loaded plugin tools (category:base,tabindex:7)
2024-09-19 07:36:20,000 [INFO] PluginManage:310 - Check plugin tutovideos
2024-09-19 07:36:20,325 [INFO] PluginManage:359 - Loaded plugin tutovideos (category:base,tabindex:-1)
2024-09-19 07:36:20,326 [INFO] PluginManage:310 - Check plugin updater
2024-09-19 07:36:20,350 [INFO] PluginManage:359 - Loaded plugin updater (category:base,tabindex:12)
2024-09-19 07:36:20,351 [INFO] PluginManage:310 - Check plugin userauth
2024-09-19 07:36:20,360 [INFO] UserAuth:113 - Init User Auth plugin
2024-09-19 07:36:20,360 [INFO] PluginManage:359 - Loaded plugin userauth (category:base,tabindex:14)
2024-09-19 07:36:20,361 [INFO] PluginManage:283 - PluginManage : Loaded plugins [18]
2024-09-19 07:36:20,796 [INFO] PinOutPanel:1561 - setPackage(No Configuration,No Configuration)
2024-09-19 07:36:20,968 [INFO] CADModel:165 - CPN selected for project level
2024-09-19 07:36:20,968 [INFO] CADModel:114 - Register for checkConnection events
2024-09-19 07:36:20,999 [INFO] IPUIPlugin:80 - create IPUIPlugin
2024-09-19 07:36:21,000 [INFO] PluginManager:220 - loadIPPluginJar : add adc
2024-09-19 07:36:21,006 [INFO] IPUIPlugin:80 - create IPUIPlugin
2024-09-19 07:36:21,007 [INFO] PluginManager:220 - loadIPPluginJar : add aes
2024-09-19 07:36:21,012 [INFO] IPUIPlugin:80 - create IPUIPlugin
2024-09-19 07:36:21,013 [INFO] PluginManager:220 - loadIPPluginJar : add can
2024-09-19 07:36:21,016 [INFO] IPUIPlugin:80 - create IPUIPlugin
2024-09-19 07:36:21,016 [INFO] PluginManager:220 - loadIPPluginJar : add comp
2024-09-19 07:36:21,020 [INFO] IPUIPlugin:80 - create IPUIPlugin
2024-09-19 07:36:21,020 [INFO] PluginManager:220 - loadIPPluginJar : add cryp
2024-09-19 07:36:21,028 [INFO] IPUIPlugin:80 - create IPUIPlugin
2024-09-19 07:36:21,028 [INFO] PluginManager:220 - loadIPPluginJar : add ddr_ctrl_phy
2024-09-19 07:36:21,034 [INFO] IPUIPlugin:80 - create IPUIPlugin
2024-09-19 07:36:21,035 [INFO] PluginManager:220 - loadIPPluginJar : add dfsdm
2024-09-19 07:36:21,052 [INFO] IPUIPlugin:80 - create IPUIPlugin
2024-09-19 07:36:21,053 [INFO] PluginManager:220 - loadIPPluginJar : add dma
2024-09-19 07:36:21,061 [INFO] IPUIPlugin:80 - create IPUIPlugin
2024-09-19 07:36:21,061 [INFO] PluginManager:220 - loadIPPluginJar : add dma3
2024-09-19 07:36:21,071 [INFO] IPUIPlugin:80 - create IPUIPlugin
2024-09-19 07:36:21,072 [INFO] PluginManager:220 - loadIPPluginJar : add extmemmanager
2024-09-19 07:36:21,076 [INFO] IPUIPlugin:80 - create IPUIPlugin
2024-09-19 07:36:21,077 [INFO] PluginManager:220 - loadIPPluginJar : add fatfs
2024-09-19 07:36:21,091 [INFO] IPUIPlugin:80 - create IPUIPlugin
2024-09-19 07:36:21,092 [INFO] PluginManager:220 - loadIPPluginJar : add fmc
2024-09-19 07:36:21,108 [INFO] IPUIPlugin:80 - create IPUIPlugin
2024-09-19 07:36:21,108 [INFO] PluginManager:220 - loadIPPluginJar : add freertos
2024-09-19 07:36:21,112 [INFO] IPUIPlugin:80 - create IPUIPlugin
2024-09-19 07:36:21,112 [INFO] PluginManager:220 - loadIPPluginJar : add genericplugin
2024-09-19 07:36:21,117 [INFO] IPUIPlugin:80 - create IPUIPlugin
2024-09-19 07:36:21,118 [INFO] PluginManager:220 - loadIPPluginJar : add gfxmmu
2024-09-19 07:36:21,127 [INFO] IPUIPlugin:80 - create IPUIPlugin
2024-09-19 07:36:21,127 [INFO] PluginManager:220 - loadIPPluginJar : add gic
2024-09-19 07:36:21,136 [INFO] IPUIPlugin:80 - create IPUIPlugin
2024-09-19 07:36:21,136 [INFO] PluginManager:220 - loadIPPluginJar : add gpio
2024-09-19 07:36:21,141 [INFO] IPUIPlugin:80 - create IPUIPlugin
2024-09-19 07:36:21,142 [INFO] PluginManager:220 - loadIPPluginJar : add gtzc
2024-09-19 07:36:21,146 [INFO] IPUIPlugin:80 - create IPUIPlugin
2024-09-19 07:36:21,146 [INFO] PluginManager:220 - loadIPPluginJar : add hash
2024-09-19 07:36:21,151 [INFO] IPUIPlugin:80 - create IPUIPlugin
2024-09-19 07:36:21,151 [INFO] PluginManager:220 - loadIPPluginJar : add i2c
2024-09-19 07:36:21,156 [INFO] IPUIPlugin:80 - create IPUIPlugin
2024-09-19 07:36:21,156 [INFO] PluginManager:220 - loadIPPluginJar : add i2s
2024-09-19 07:36:21,161 [INFO] IPUIPlugin:80 - create IPUIPlugin
2024-09-19 07:36:21,162 [INFO] PluginManager:220 - loadIPPluginJar : add i3c
2024-09-19 07:36:21,166 [INFO] IPUIPlugin:80 - create IPUIPlugin
2024-09-19 07:36:21,166 [INFO] PluginManager:220 - loadIPPluginJar : add ipddr
2024-09-19 07:36:21,179 [INFO] IPUIPlugin:80 - create IPUIPlugin
2024-09-19 07:36:21,179 [INFO] PluginManager:220 - loadIPPluginJar : add linkedlist
2024-09-19 07:36:21,184 [INFO] IPUIPlugin:80 - create IPUIPlugin
2024-09-19 07:36:21,184 [INFO] PluginManager:220 - loadIPPluginJar : add lorawan
2024-09-19 07:36:21,188 [INFO] IPUIPlugin:80 - create IPUIPlugin
2024-09-19 07:36:21,188 [INFO] PluginManager:220 - loadIPPluginJar : add ltdc
2024-09-19 07:36:21,198 [INFO] IPUIPlugin:80 - create IPUIPlugin
2024-09-19 07:36:21,199 [INFO] PluginManager:220 - loadIPPluginJar : add mdma
2024-09-19 07:36:21,206 [INFO] IPUIPlugin:80 - create IPUIPlugin
2024-09-19 07:36:21,207 [INFO] PluginManager:220 - loadIPPluginJar : add nvic
2024-09-19 07:36:21,212 [INFO] IPUIPlugin:80 - create IPUIPlugin
2024-09-19 07:36:21,212 [INFO] PluginManager:220 - loadIPPluginJar : add opamp
2024-09-19 07:36:21,218 [INFO] IPUIPlugin:80 - create IPUIPlugin
2024-09-19 07:36:21,218 [INFO] PluginManager:220 - loadIPPluginJar : add openamp
2024-09-19 07:36:21,224 [INFO] IPUIPlugin:80 - create IPUIPlugin
2024-09-19 07:36:21,224 [INFO] PluginManager:220 - loadIPPluginJar : add pdm2pcm
2024-09-19 07:36:21,234 [INFO] IPUIPlugin:80 - create IPUIPlugin
2024-09-19 07:36:21,239 [INFO] PluginManager:220 - loadIPPluginJar : add plateformsettings
2024-09-19 07:36:21,242 [INFO] IPUIPlugin:80 - create IPUIPlugin
2024-09-19 07:36:21,242 [INFO] PluginManager:220 - loadIPPluginJar : add quadspi
2024-09-19 07:36:21,245 [INFO] IPUIPlugin:80 - create IPUIPlugin
2024-09-19 07:36:21,246 [INFO] PluginManager:220 - loadIPPluginJar : add radio
2024-09-19 07:36:21,252 [INFO] IPUIPlugin:80 - create IPUIPlugin
2024-09-19 07:36:21,252 [INFO] PluginManager:220 - loadIPPluginJar : add resmgrutility
2024-09-19 07:36:21,258 [INFO] IPUIPlugin:80 - create IPUIPlugin
2024-09-19 07:36:21,258 [INFO] PluginManager:220 - loadIPPluginJar : add sai
2024-09-19 07:36:21,268 [INFO] IPUIPlugin:80 - create IPUIPlugin
2024-09-19 07:36:21,268 [INFO] PluginManager:220 - loadIPPluginJar : add spi
2024-09-19 07:36:21,277 [INFO] IPUIPlugin:80 - create IPUIPlugin
2024-09-19 07:36:21,277 [INFO] PluginManager:220 - loadIPPluginJar : add stm32_wpan
2024-09-19 07:36:21,281 [INFO] IPUIPlugin:80 - create IPUIPlugin
2024-09-19 07:36:21,281 [INFO] PluginManager:220 - loadIPPluginJar : add tim
2024-09-19 07:36:21,286 [INFO] IPUIPlugin:80 - create IPUIPlugin
2024-09-19 07:36:21,287 [INFO] PluginManager:220 - loadIPPluginJar : add touchsensing
2024-09-19 07:36:21,291 [INFO] IPUIPlugin:80 - create IPUIPlugin
2024-09-19 07:36:21,291 [INFO] PluginManager:220 - loadIPPluginJar : add tracer_emb
2024-09-19 07:36:21,295 [INFO] IPUIPlugin:80 - create IPUIPlugin
2024-09-19 07:36:21,295 [INFO] PluginManager:220 - loadIPPluginJar : add ts
2024-09-19 07:36:21,298 [INFO] IPUIPlugin:80 - create IPUIPlugin
2024-09-19 07:36:21,299 [INFO] PluginManager:220 - loadIPPluginJar : add tsc
2024-09-19 07:36:21,301 [INFO] IPUIPlugin:80 - create IPUIPlugin
2024-09-19 07:36:21,302 [INFO] PluginManager:220 - loadIPPluginJar : add ucpd
2024-09-19 07:36:21,307 [INFO] IPUIPlugin:80 - create IPUIPlugin
2024-09-19 07:36:21,307 [INFO] PluginManager:220 - loadIPPluginJar : add usart
2024-09-19 07:36:21,311 [INFO] IPUIPlugin:80 - create IPUIPlugin
2024-09-19 07:36:21,311 [INFO] PluginManager:220 - loadIPPluginJar : add usbx
2024-09-19 07:36:21,537 [INFO] CADModel:165 - CPN selected for project level
2024-09-19 07:36:21,540 [INFO] CADModel:114 - Register for checkConnection events
2024-09-19 07:36:21,541 [FATAL] Updater:334 - Updater called before beeing initialized
2024-09-19 07:36:21,542 [ERROR] CADModel:125 - Updater not yet initialized, retry later 
2024-09-19 07:36:21,772 [INFO] CADModel:165 - CPN selected for project level
2024-09-19 07:36:21,772 [INFO] CADModel:114 - Register for checkConnection events
2024-09-19 07:36:21,773 [FATAL] Updater:334 - Updater called before beeing initialized
2024-09-19 07:36:21,773 [ERROR] CADModel:125 - Updater not yet initialized, retry later 
2024-09-19 07:36:21,780 [FATAL] Updater:334 - Updater called before beeing initialized
2024-09-19 07:36:21,983 [FATAL] Updater:334 - Updater called before beeing initialized
2024-09-19 07:36:21,990 [INFO] DbMcusAds:53 - JSON generation date=Mon Sep 16 16:40:22 CEST 2024 (1726497622318)
2024-09-19 07:36:21,990 [FATAL] Updater:334 - Updater called before beeing initialized
2024-09-19 07:36:22,043 [WARN] DetailPanel:346 - Failed to get advertising image, set to default
2024-09-19 07:36:22,182 [FATAL] Updater:334 - Updater called before beeing initialized
2024-09-19 07:36:22,186 [FATAL] Updater:334 - Updater called before beeing initialized
2024-09-19 07:36:22,186 [FATAL] Updater:334 - Updater called before beeing initialized
2024-09-19 07:36:22,187 [WARN] DetailPanel:346 - Failed to get advertising image, set to default
2024-09-19 07:36:22,188 [FATAL] Updater:334 - Updater called before beeing initialized
2024-09-19 07:36:22,293 [ERROR] Updater:1164 - MainUpdater not yet initialized. External WinMGr cannot be set.
2024-09-19 07:36:22,296 [INFO] Updater:1100 - Updater Version found : 6.12.0
2024-09-19 07:36:22,329 [INFO] ApplicationProperties:184 - Using Application install path: C:\ST\STM32CubeIDE_1.16.0\STM32CubeIDE\plugins\com.st.stm32cube.common.mx_6.12.0.202406281431
2024-09-19 07:36:22,746 [INFO] MainUpdater:2873 - connection check result : 10
2024-09-19 07:36:22,747 [INFO] MainUpdater:290 - Updater Check For Update Now.
2024-09-19 07:36:22,748 [INFO] MicroXplorer:498 - Change Database Version : DB.6.0.120
2024-09-19 07:36:22,757 [INFO] McuFinderGlobals:63 - Set McuFinder mode to 2 (CubeIDE integrated)
2024-09-19 07:36:22,758 [INFO] UserAuth:179 - activating auth plugin
2024-09-19 07:36:22,763 [INFO] UserAuth:417 - Internet connection configuration mode: 1
2024-09-19 07:36:22,864 [INFO] JxBrowserEngine:152 - Initiate JxBrowser Engine with user profile folder
2024-09-19 07:36:22,999 [WARN] MainUpdater:1194 - Updater busy. Cannot search thirdparties
2024-09-19 07:36:22,999 [INFO] ThirdPartyUpdaterWithRetryManager:96 - Updater plugin is busy. [1/15]
2024-09-19 07:36:23,199 [INFO] CheckServerUpdateThread:120 - End of CheckServer Thread
2024-09-19 07:36:24,340 [INFO] WebApp:167 - Instantiating new browser for Auth
2024-09-19 07:36:26,598 [INFO] WebApp:448 - Apply proxy settings
2024-09-19 07:36:26,600 [INFO] WebApp:533 - Chromium requires no authentication
2024-09-19 07:36:26,621 [INFO] WebApp:476 - Direct internet connection detected
2024-09-19 07:36:26,715 [INFO] WebApp:869 - Register for checkConnection events
2024-09-19 07:36:26,715 [INFO] WebApp:448 - Apply proxy settings
2024-09-19 07:36:26,716 [INFO] WebApp:533 - Chromium requires no authentication
2024-09-19 07:36:26,716 [INFO] WebApp:476 - Direct internet connection detected
2024-09-19 07:36:27,002 [WARN] PackLoader:240 - Cannot read IP mode file for STMicroelectronics.FP-SNS-MOTENVWB1.1.4.0
2024-09-19 07:36:27,022 [WARN] PackLoader:240 - Cannot read IP mode file for STMicroelectronics.X-CUBE-SMBUS.2.1.0
2024-09-19 07:36:27,132 [WARN] PackLoader:240 - Cannot read IP mode file for STMicroelectronics.X-CUBE-AZRTOS-F7.1.1.0
2024-09-19 07:36:27,141 [INFO] WebApp:220 - Starting web application
2024-09-19 07:36:27,141 [INFO] WebApp:578 - Web application path used C:\ST\STM32CubeIDE_1.16.0\STM32CubeIDE\plugins\com.st.stm32cube.common.mx_6.12.0.202406281431\db\plugins\mcufinder\reactClient1\index.html
2024-09-19 07:36:27,519 [WARN] PackLoader:240 - Cannot read IP mode file for STMicroelectronics.X-CUBE-MEMS1.11.0.0
2024-09-19 07:36:28,050 [WARN] PackLoader:240 - Cannot read IP mode file for STMicroelectronics.FP-SNS-FLIGHT1.5.0.2
2024-09-19 07:36:28,063 [WARN] PackLoader:240 - Cannot read IP mode file for STMicroelectronics.X-CUBE-DISPLAY.3.0.0
2024-09-19 07:36:28,076 [WARN] PackLoader:240 - Cannot read IP mode file for STMicroelectronics.X-CUBE-BLE1.7.0.0
2024-09-19 07:36:28,097 [WARN] PackLoader:240 - Cannot read IP mode file for emotas.I-CUBE-CANOPEN.1.3.0
2024-09-19 07:36:28,130 [WARN] PackLoader:240 - Cannot read IP mode file for STMicroelectronics.X-CUBE-BLEMGR.3.1.0
2024-09-19 07:36:28,144 [WARN] PackLoader:240 - Cannot read IP mode file for STMicroelectronics.FP-SNS-SMARTAG2.1.2.0
2024-09-19 07:36:28,184 [INFO] LogOutputStream:77 - [STDOUT_REDIRECT] 1 : Invalid condition id : UX_CORESTACK_Condition cause : null
2024-09-19 07:36:28,185 [INFO] LogOutputStream:77 - [STDOUT_REDIRECT] 1 : Invalid condition id : UX_CORESTACK_Condition cause : null
2024-09-19 07:36:28,186 [INFO] LogOutputStream:77 - [STDOUT_REDIRECT] 1 : Invalid condition id : UX_CORESTACK_Condition cause : null
2024-09-19 07:36:28,189 [INFO] LogOutputStream:77 - [STDOUT_REDIRECT] 1 : Invalid condition id : UX_CORESTACK_Condition cause : null
2024-09-19 07:36:28,191 [INFO] LogOutputStream:77 - [STDOUT_REDIRECT] 1 : Invalid condition id : UX_CORESTACK_Condition cause : null
2024-09-19 07:36:28,195 [WARN] PackLoader:240 - Cannot read IP mode file for STMicroelectronics.X-CUBE-AZRTOS-WL.2.0.0
2024-09-19 07:36:28,208 [WARN] PackLoader:240 - Cannot read IP mode file for STMicroelectronics.FP-SNS-MOTENV1.5.0.0
2024-09-19 07:36:28,221 [WARN] PackLoader:240 - Cannot read IP mode file for wolfSSL.I-CUBE-wolfMQTT.1.19.0
2024-09-19 07:36:28,243 [WARN] PackLoader:240 - Cannot read IP mode file for WES.I-CUBE-Cesium.1.3.0
2024-09-19 07:36:28,251 [WARN] PackLoader:240 - Cannot read IP mode file for STMicroelectronics.X-CUBE-BLE2.3.3.0
2024-09-19 07:36:28,265 [WARN] PackLoader:240 - Cannot read IP mode file for STMicroelectronics.X-CUBE-TCPP.4.1.0
2024-09-19 07:36:28,297 [WARN] PackLoader:240 - Cannot read IP mode file for STMicroelectronics.X-CUBE-AZRTOS-G0.1.1.0
2024-09-19 07:36:28,310 [WARN] PackLoader:240 - Cannot read IP mode file for STMicroelectronics.X-CUBE-SAFEA1.1.2.2
2024-09-19 07:36:28,321 [WARN] PackLoader:240 - Cannot read IP mode file for STMicroelectronics.X-CUBE-NFC4.3.0.0
2024-09-19 07:36:28,359 [WARN] PackLoader:240 - Cannot read IP mode file for EmbeddedOffice.I-CUBE-FS-RTOS.1.0.1
2024-09-19 07:36:28,359 [ERROR] ConditionMgr:805 - Attr not supported : Dmpu
2024-09-19 07:36:28,359 [ERROR] ConditionMgr:805 - Attr not supported : Dmpu
2024-09-19 07:36:28,360 [ERROR] ConditionMgr:805 - Attr not supported : Dmpu
2024-09-19 07:36:28,360 [ERROR] ConditionMgr:805 - Attr not supported : Dmpu
2024-09-19 07:36:28,360 [ERROR] ConditionMgr:805 - Attr not supported : Dmpu
2024-09-19 07:36:28,360 [ERROR] ConditionMgr:805 - Attr not supported : Dmpu
2024-09-19 07:36:28,360 [ERROR] ConditionMgr:805 - Attr not supported : Dmpu
2024-09-19 07:36:28,361 [ERROR] ConditionMgr:805 - Attr not supported : Dmpu
2024-09-19 07:36:28,361 [ERROR] ConditionMgr:805 - Attr not supported : Dmpu
2024-09-19 07:36:28,361 [ERROR] ConditionMgr:805 - Attr not supported : Dmpu
2024-09-19 07:36:28,361 [ERROR] ConditionMgr:805 - Attr not supported : Dmpu
2024-09-19 07:36:28,362 [ERROR] ConditionMgr:805 - Attr not supported : Dmpu
2024-09-19 07:36:28,362 [ERROR] ConditionMgr:805 - Attr not supported : Dmpu
2024-09-19 07:36:28,362 [ERROR] ConditionMgr:805 - Attr not supported : Dmpu
2024-09-19 07:36:28,363 [ERROR] ConditionMgr:805 - Attr not supported : Dmpu
2024-09-19 07:36:28,363 [ERROR] ConditionMgr:805 - Attr not supported : Dmpu
2024-09-19 07:36:28,363 [ERROR] ConditionMgr:805 - Attr not supported : Dmpu
2024-09-19 07:36:28,363 [ERROR] ConditionMgr:805 - Attr not supported : Dmpu
2024-09-19 07:36:28,363 [ERROR] ConditionMgr:805 - Attr not supported : Dmpu
2024-09-19 07:36:28,364 [ERROR] ConditionMgr:805 - Attr not supported : Dmpu
2024-09-19 07:36:28,364 [ERROR] ConditionMgr:805 - Attr not supported : Dmpu
2024-09-19 07:36:28,365 [ERROR] ConditionMgr:805 - Attr not supported : Dmpu
2024-09-19 07:36:28,366 [ERROR] ConditionMgr:805 - Attr not supported : Dmpu
2024-09-19 07:36:28,366 [ERROR] ConditionMgr:805 - Attr not supported : Dmpu
2024-09-19 07:36:28,366 [ERROR] ConditionMgr:805 - Attr not supported : Dmpu
2024-09-19 07:36:28,367 [ERROR] ConditionMgr:805 - Attr not supported : Dmpu
2024-09-19 07:36:28,369 [ERROR] ConditionMgr:805 - Attr not supported : Dmpu
2024-09-19 07:36:28,369 [ERROR] ConditionMgr:805 - Attr not supported : Dmpu
2024-09-19 07:36:28,369 [ERROR] ConditionMgr:805 - Attr not supported : Dmpu
2024-09-19 07:36:28,369 [ERROR] ConditionMgr:805 - Attr not supported : Dmpu
2024-09-19 07:36:28,369 [ERROR] ConditionMgr:805 - Attr not supported : Dmpu
2024-09-19 07:36:28,369 [ERROR] ConditionMgr:805 - Attr not supported : Dmpu
2024-09-19 07:36:28,369 [ERROR] ConditionMgr:805 - Attr not supported : Dmpu
2024-09-19 07:36:28,369 [ERROR] ConditionMgr:805 - Attr not supported : Dmpu
2024-09-19 07:36:28,369 [ERROR] ConditionMgr:805 - Attr not supported : Dmpu
2024-09-19 07:36:28,370 [ERROR] ConditionMgr:805 - Attr not supported : Dmpu
2024-09-19 07:36:28,370 [ERROR] ConditionMgr:805 - Attr not supported : Dmpu
2024-09-19 07:36:28,370 [ERROR] ConditionMgr:805 - Attr not supported : Dmpu
2024-09-19 07:36:28,370 [ERROR] ConditionMgr:805 - Attr not supported : Dmpu
2024-09-19 07:36:28,370 [ERROR] ConditionMgr:805 - Attr not supported : Dmpu
2024-09-19 07:36:28,370 [ERROR] ConditionMgr:805 - Attr not supported : Dmpu
2024-09-19 07:36:28,370 [ERROR] ConditionMgr:805 - Attr not supported : Dmpu
2024-09-19 07:36:28,370 [ERROR] ConditionMgr:805 - Attr not supported : Dmpu
2024-09-19 07:36:28,370 [ERROR] ConditionMgr:805 - Attr not supported : Dmpu
2024-09-19 07:36:28,370 [ERROR] ConditionMgr:805 - Attr not supported : Dmpu
2024-09-19 07:36:28,371 [ERROR] ConditionMgr:805 - Attr not supported : Dmpu
2024-09-19 07:36:28,371 [ERROR] ConditionMgr:805 - Attr not supported : Dmpu
2024-09-19 07:36:28,371 [ERROR] ConditionMgr:805 - Attr not supported : Dmpu
2024-09-19 07:36:28,371 [ERROR] ConditionMgr:805 - Attr not supported : Dmpu
2024-09-19 07:36:28,371 [ERROR] ConditionMgr:805 - Attr not supported : Dmpu
2024-09-19 07:36:28,371 [ERROR] ConditionMgr:805 - Attr not supported : Dmpu
2024-09-19 07:36:28,371 [ERROR] ConditionMgr:805 - Attr not supported : Dmpu
2024-09-19 07:36:28,371 [ERROR] ConditionMgr:805 - Attr not supported : Dmpu
2024-09-19 07:36:28,371 [ERROR] ConditionMgr:805 - Attr not supported : Dmpu
2024-09-19 07:36:28,371 [ERROR] ConditionMgr:805 - Attr not supported : Dmpu
2024-09-19 07:36:28,371 [ERROR] ConditionMgr:805 - Attr not supported : Dmpu
2024-09-19 07:36:28,371 [ERROR] ConditionMgr:805 - Attr not supported : Dmpu
2024-09-19 07:36:28,372 [ERROR] ConditionMgr:805 - Attr not supported : Dmpu
2024-09-19 07:36:28,372 [ERROR] ConditionMgr:805 - Attr not supported : Dmpu
2024-09-19 07:36:28,372 [ERROR] ConditionMgr:805 - Attr not supported : Dmpu
2024-09-19 07:36:28,372 [ERROR] ConditionMgr:805 - Attr not supported : Dmpu
2024-09-19 07:36:28,372 [ERROR] ConditionMgr:805 - Attr not supported : Dmpu
2024-09-19 07:36:28,372 [ERROR] ConditionMgr:805 - Attr not supported : Dmpu
2024-09-19 07:36:28,372 [ERROR] ConditionMgr:805 - Attr not supported : Dmpu
2024-09-19 07:36:28,382 [WARN] PackLoader:240 - Cannot read IP mode file for RealThread.X-CUBE-RT-Thread_Nano.4.1.1
2024-09-19 07:36:28,395 [WARN] PackLoader:240 - Cannot read IP mode file for STMicroelectronics.FP-ATR-SIGFOX1.3.2.0
2024-09-19 07:36:28,418 [WARN] PackLoader:240 - Cannot read IP mode file for wolfSSL.I-CUBE-wolfSSL.5.7.2
2024-09-19 07:36:28,427 [WARN] PackLoader:240 - Cannot read IP mode file for STMicroelectronics.X-CUBE-EEPRMA1.5.1.0
2024-09-19 07:36:28,440 [WARN] PackLoader:240 - Cannot read IP mode file for ITTIA_DB.I-CUBE-ITTIADB.8.9.0
2024-09-19 07:36:28,495 [WARN] PackLoader:240 - Cannot read IP mode file for SEGGER.I-CUBE-embOS.1.3.1
2024-09-19 07:36:28,597 [WARN] PackLoader:240 - Cannot read IP mode file for STMicroelectronics.X-CUBE-ALGOBUILD.1.4.0
2024-09-19 07:36:28,608 [WARN] PackLoader:240 - Cannot read IP mode file for STMicroelectronics.X-CUBE-GNSS1.6.0.0
2024-09-19 07:36:28,632 [WARN] PackLoader:240 - Cannot read IP mode file for STMicroelectronics.X-CUBE-AZRTOS-F4.1.1.0
2024-09-19 07:36:28,697 [WARN] PackLoader:240 - Cannot read IP mode file for STMicroelectronics.X-CUBE-ISPU.2.1.0
2024-09-19 07:36:28,706 [WARN] PackLoader:240 - Cannot read IP mode file for STMicroelectronics.X-CUBE-FREERTOS.1.2.0
2024-09-19 07:36:28,732 [WARN] PackLoader:240 - Cannot read IP mode file for STMicroelectronics.X-CUBE-AZRTOS-L5.2.0.0
2024-09-19 07:36:28,768 [WARN] PackLoader:240 - Cannot read IP mode file for STMicroelectronics.X-CUBE-NFC6.3.1.0
2024-09-19 07:36:28,780 [WARN] PackLoader:240 - Cannot read IP mode file for STMicroelectronics.X-CUBE-DPower.1.2.0
2024-09-19 07:36:28,787 [WARN] PackLoader:240 - Cannot read IP mode file for STMicroelectronics.X-CUBE-AI.9.0.0
2024-09-19 07:36:28,815 [WARN] PackLoader:240 - Cannot read IP mode file for STMicroelectronics.X-CUBE-NFC7.1.0.1
2024-09-19 07:36:29,125 [WARN] PackLoader:240 - Cannot read IP mode file for wolfSSL.I-CUBE-wolfTPM.3.2.0
2024-09-19 07:36:29,166 [WARN] ConditionMgr:438 - getConditionDescription Invalid condition id : LAN8742 Phy interface Condition cause : null
2024-09-19 07:36:29,167 [WARN] PackLoader:240 - Cannot read IP mode file for STMicroelectronics.X-CUBE-AZRTOS-L4.2.0.0
2024-09-19 07:36:29,169 [WARN] ConditionMgr:1039 - genDependencies : Invalid condition id : LAN8742 Phy interface Condition cause : null
2024-09-19 07:36:29,169 [WARN] ConditionMgr:1039 - genDependencies : Invalid condition id : LAN8742 Phy interface Condition cause : null
2024-09-19 07:36:29,170 [WARN] ConditionMgr:1039 - genDependencies : Invalid condition id : LAN8742 Phy interface Condition cause : null
2024-09-19 07:36:29,257 [WARN] PackLoader:240 - Cannot read IP mode file for STMicroelectronics.X-CUBE-SFXS2LP1.4.0.0
2024-09-19 07:36:29,323 [INFO] WebApp:186 - Connection restablished
2024-09-19 07:36:29,388 [WARN] PackLoader:240 - Cannot read IP mode file for STMicroelectronics.X-CUBE-AZRTOS-H7.3.3.0
2024-09-19 07:36:29,442 [WARN] ConditionMgr:438 - getConditionDescription Invalid condition id : UX DEVICE CLASS RTOS Condition cause : null
2024-09-19 07:36:29,442 [WARN] ConditionMgr:438 - getConditionDescription Invalid condition id : UX DEVICE CLASS RTOS Condition cause : null
2024-09-19 07:36:29,446 [WARN] PackLoader:240 - Cannot read IP mode file for STMicroelectronics.X-CUBE-AZRTOS-WB.2.0.0
2024-09-19 07:36:29,453 [WARN] ConditionMgr:1039 - genDependencies : Invalid condition id : UX DEVICE CLASS RTOS Condition cause : null
2024-09-19 07:36:29,457 [WARN] ConditionMgr:1039 - genDependencies : Invalid condition id : UX DEVICE CLASS RTOS Condition cause : null
2024-09-19 07:36:29,457 [WARN] ConditionMgr:1039 - genDependencies : Invalid condition id : UX DEVICE CLASS RTOS Condition cause : null
2024-09-19 07:36:29,458 [WARN] ConditionMgr:1039 - genDependencies : Invalid condition id : UX DEVICE CLASS RTOS Condition cause : null
2024-09-19 07:36:29,458 [WARN] ConditionMgr:1039 - genDependencies : Invalid condition id : UX DEVICE CLASS RTOS Condition cause : null
2024-09-19 07:36:29,554 [WARN] PackLoader:240 - Cannot read IP mode file for STMicroelectronics.X-CUBE-GNSS1.7.0.0
2024-09-19 07:36:29,568 [WARN] PackLoader:240 - Cannot read IP mode file for STMicroelectronics.FP-SNS-STBOX1.2.0.0
2024-09-19 07:36:29,589 [WARN] PackLoader:240 - Cannot read IP mode file for STMicroelectronics.X-CUBE-SUBG2.5.0.0
2024-09-19 07:36:29,980 [WARN] PackLoader:240 - Cannot read IP mode file for Cesanta.I-CUBE-Mongoose.7.13.0
2024-09-19 07:36:29,998 [WARN] PackLoader:240 - Cannot read IP mode file for STMicroelectronics.X-CUBE-AZRTOS-G4.2.0.0
2024-09-19 07:36:30,010 [WARN] PackLoader:240 - Cannot read IP mode file for STMicroelectronics.X-CUBE-ISPU.2.0.0
2024-09-19 07:36:30,153 [WARN] PackLoader:240 - Cannot read IP mode file for STMicroelectronics.X-CUBE-ALS.1.0.2
2024-09-19 07:36:30,260 [WARN] PackLoader:240 - Cannot read IP mode file for STMicroelectronics.X-CUBE-MEMS1.10.0.0
2024-09-19 07:36:31,295 [WARN] PackLoader:240 - Cannot read IP mode file for STMicroelectronics.X-CUBE-TOUCHGFX.4.24.0
2024-09-19 07:36:31,303 [WARN] PackLoader:240 - Cannot read IP mode file for portGmbH.I-Cube-SoM-uGOAL.1.1.0
2024-09-19 07:36:31,460 [WARN] PackLoader:240 - Cannot read IP mode file for STMicroelectronics.X-CUBE-AZRTOS-H7RS.1.0.0
2024-09-19 07:36:31,668 [WARN] PackLoader:240 - Cannot read IP mode file for STMicroelectronics.FP-ATR-ASTRA1.2.0.0
2024-09-19 07:36:31,681 [WARN] PackLoader:240 - Cannot read IP mode file for STMicroelectronics.X-CUBE-TOF1.3.4.2
2024-09-19 07:36:31,711 [WARN] PackLoader:240 - Cannot read IP mode file for STMicroelectronics.X-CUBE-AZRTOS-H7.3.2.0
2024-09-19 07:36:31,737 [WARN] PackLoader:240 - Cannot read IP mode file for Infineon.AIROC-Wi-Fi-Bluetooth-STM32.1.6.0
2024-09-19 07:36:31,745 [WARN] PackLoader:240 - Cannot read IP mode file for wolfSSL.I-CUBE-wolfSSH.1.4.17
2024-09-19 07:36:31,746 [INFO] ThirdParty:978 - Integrity check success = true
2024-09-19 07:36:31,746 [INFO] IntegrityCheckThread:100 - exiting critical section [integrity check]
2024-09-19 07:36:31,746 [INFO] IntegrityCheckThread:103 - End integrity checks thread
2024-09-19 07:37:53,831 [ERROR] LogOutputStream:75 - [STDERR_REDIRECT] 
